This is pdfTeX, Version 3.141592653-2.6-1.40.22 (TeX Live 2022/dev/Debian) (preloaded format=pdflatex 2025.7.9)  3 AUG 2025 21:00
entering extended mode
 \write18 enabled.
 %&-line parsing enabled.
**seminar-mujoco-dcvu.tex
(./seminar-mujoco-dcvu.tex
LaTeX2e <2021-11-15> patch level 1
L3 programming layer <2022-01-21>
(/usr/share/texlive/texmf-dist/tex/latex/beamer/beamer.cls
Document Class: beamer 2022/01/21 v3.65 A class for typesetting presentations
(/usr/share/texlive/texmf-dist/tex/latex/beamer/beamerbasemodes.sty
(/usr/share/texlive/texmf-dist/tex/latex/etoolbox/etoolbox.sty
Package: etoolbox 2020/10/05 v2.5k e-TeX tools for LaTeX (JAW)
\etb@tempcnta=\count185
)
\beamer@tempbox=\box50
\beamer@tempcount=\count186
\c@beamerpauses=\count187

(/usr/share/texlive/texmf-dist/tex/latex/beamer/beamerbasedecode.sty
\beamer@slideinframe=\count188
\beamer@minimum=\count189
\beamer@decode@box=\box51
)
\beamer@commentbox=\box52
\beamer@modecount=\count190
)
(/usr/share/texlive/texmf-dist/tex/generic/iftex/ifpdf.sty
Package: ifpdf 2019/10/25 v3.4 ifpdf legacy package. Use iftex instead.

(/usr/share/texlive/texmf-dist/tex/generic/iftex/iftex.sty
Package: iftex 2020/03/06 v1.0d TeX engine tests
))
\headdp=\dimen138
\footheight=\dimen139
\sidebarheight=\dimen140
\beamer@tempdim=\dimen141
\beamer@finalheight=\dimen142
\beamer@animht=\dimen143
\beamer@animdp=\dimen144
\beamer@animwd=\dimen145
\beamer@leftmargin=\dimen146
\beamer@rightmargin=\dimen147
\beamer@leftsidebar=\dimen148
\beamer@rightsidebar=\dimen149
\beamer@boxsize=\dimen150
\beamer@vboxoffset=\dimen151
\beamer@descdefault=\dimen152
\beamer@descriptionwidth=\dimen153
\beamer@lastskip=\skip47
\beamer@areabox=\box53
\beamer@animcurrent=\box54
\beamer@animshowbox=\box55
\beamer@sectionbox=\box56
\beamer@logobox=\box57
\beamer@linebox=\box58
\beamer@sectioncount=\count191
\beamer@subsubsectionmax=\count192
\beamer@subsectionmax=\count193
\beamer@sectionmax=\count194
\beamer@totalheads=\count195
\beamer@headcounter=\count196
\beamer@partstartpage=\count197
\beamer@sectionstartpage=\count198
\beamer@subsectionstartpage=\count199
\beamer@animationtempa=\count266
\beamer@animationtempb=\count267
\beamer@xpos=\count268
\beamer@ypos=\count269
\beamer@ypos@offset=\count270
\beamer@showpartnumber=\count271
\beamer@currentsubsection=\count272
\beamer@coveringdepth=\count273
\beamer@sectionadjust=\count274
\beamer@toclastsection=\count275
\beamer@tocsectionnumber=\count276

(/usr/share/texlive/texmf-dist/tex/latex/beamer/beamerbaseoptions.sty
(/usr/share/texlive/texmf-dist/tex/latex/graphics/keyval.sty
Package: keyval 2014/10/28 v1.15 key=value parser (DPC)
\KV@toks@=\toks16
))
\beamer@paperwidth=\skip48
\beamer@paperheight=\skip49

(/usr/share/texlive/texmf-dist/tex/latex/geometry/geometry.sty
Package: geometry 2020/01/02 v5.9 Page Geometry

(/usr/share/texlive/texmf-dist/tex/generic/iftex/ifvtex.sty
Package: ifvtex 2019/10/25 v1.7 ifvtex legacy package. Use iftex instead.
)
\Gm@cnth=\count277
\Gm@cntv=\count278
\c@Gm@tempcnt=\count279
\Gm@bindingoffset=\dimen154
\Gm@wd@mp=\dimen155
\Gm@odd@mp=\dimen156
\Gm@even@mp=\dimen157
\Gm@layoutwidth=\dimen158
\Gm@layoutheight=\dimen159
\Gm@layouthoffset=\dimen160
\Gm@layoutvoffset=\dimen161
\Gm@dimlist=\toks17
)
(/usr/share/texlive/texmf-dist/tex/latex/pgf/basiclayer/pgfcore.sty
(/usr/share/texlive/texmf-dist/tex/latex/graphics/graphicx.sty
Package: graphicx 2021/09/16 v1.2d Enhanced LaTeX Graphics (DPC,SPQR)

(/usr/share/texlive/texmf-dist/tex/latex/graphics/graphics.sty
Package: graphics 2021/03/04 v1.4d Standard LaTeX Graphics (DPC,SPQR)

(/usr/share/texlive/texmf-dist/tex/latex/graphics/trig.sty
Package: trig 2021/08/11 v1.11 sin cos tan (DPC)
)
(/usr/share/texlive/texmf-dist/tex/latex/graphics-cfg/graphics.cfg
File: graphics.cfg 2016/06/04 v1.11 sample graphics configuration
)
Package graphics Info: Driver file: pdftex.def on input line 107.

(/usr/share/texlive/texmf-dist/tex/latex/graphics-def/pdftex.def
File: pdftex.def 2020/10/05 v1.2a Graphics/color driver for pdftex
))
\Gin@req@height=\dimen162
\Gin@req@width=\dimen163
)
(/usr/share/texlive/texmf-dist/tex/latex/pgf/systemlayer/pgfsys.sty
(/usr/share/texlive/texmf-dist/tex/latex/pgf/utilities/pgfrcs.sty
(/usr/share/texlive/texmf-dist/tex/generic/pgf/utilities/pgfutil-common.tex
\pgfutil@everybye=\toks18
\pgfutil@tempdima=\dimen164
\pgfutil@tempdimb=\dimen165

(/usr/share/texlive/texmf-dist/tex/generic/pgf/utilities/pgfutil-common-lists.t
ex)) (/usr/share/texlive/texmf-dist/tex/generic/pgf/utilities/pgfutil-latex.def
\pgfutil@abb=\box59
) (/usr/share/texlive/texmf-dist/tex/generic/pgf/utilities/pgfrcs.code.tex
(/usr/share/texlive/texmf-dist/tex/generic/pgf/pgf.revision.tex)
Package: pgfrcs 2021/05/15 v3.1.9a (3.1.9a)
))
(/usr/share/texlive/texmf-dist/tex/generic/pgf/systemlayer/pgfsys.code.tex
Package: pgfsys 2021/05/15 v3.1.9a (3.1.9a)

(/usr/share/texlive/texmf-dist/tex/generic/pgf/utilities/pgfkeys.code.tex
\pgfkeys@pathtoks=\toks19
\pgfkeys@temptoks=\toks20

(/usr/share/texlive/texmf-dist/tex/generic/pgf/utilities/pgfkeysfiltered.code.t
ex
\pgfkeys@tmptoks=\toks21
))
\pgf@x=\dimen166
\pgf@y=\dimen167
\pgf@xa=\dimen168
\pgf@ya=\dimen169
\pgf@xb=\dimen170
\pgf@yb=\dimen171
\pgf@xc=\dimen172
\pgf@yc=\dimen173
\pgf@xd=\dimen174
\pgf@yd=\dimen175
\w@pgf@writea=\write3
\r@pgf@reada=\read2
\c@pgf@counta=\count280
\c@pgf@countb=\count281
\c@pgf@countc=\count282
\c@pgf@countd=\count283
\t@pgf@toka=\toks22
\t@pgf@tokb=\toks23
\t@pgf@tokc=\toks24
\pgf@sys@id@count=\count284
 (/usr/share/texlive/texmf-dist/tex/generic/pgf/systemlayer/pgf.cfg
File: pgf.cfg 2021/05/15 v3.1.9a (3.1.9a)
)
Driver file for pgf: pgfsys-pdftex.def

(/usr/share/texlive/texmf-dist/tex/generic/pgf/systemlayer/pgfsys-pdftex.def
File: pgfsys-pdftex.def 2021/05/15 v3.1.9a (3.1.9a)

(/usr/share/texlive/texmf-dist/tex/generic/pgf/systemlayer/pgfsys-common-pdf.de
f
File: pgfsys-common-pdf.def 2021/05/15 v3.1.9a (3.1.9a)
)))
(/usr/share/texlive/texmf-dist/tex/generic/pgf/systemlayer/pgfsyssoftpath.code.
tex
File: pgfsyssoftpath.code.tex 2021/05/15 v3.1.9a (3.1.9a)
\pgfsyssoftpath@smallbuffer@items=\count285
\pgfsyssoftpath@bigbuffer@items=\count286
)
(/usr/share/texlive/texmf-dist/tex/generic/pgf/systemlayer/pgfsysprotocol.code.
tex
File: pgfsysprotocol.code.tex 2021/05/15 v3.1.9a (3.1.9a)
)) (/usr/share/texlive/texmf-dist/tex/latex/xcolor/xcolor.sty
Package: xcolor 2021/10/31 v2.13 LaTeX color extensions (UK)

(/usr/share/texlive/texmf-dist/tex/latex/graphics-cfg/color.cfg
File: color.cfg 2016/01/02 v1.6 sample color configuration
)
Package xcolor Info: Driver file: pdftex.def on input line 227.
Package xcolor Info: Model `cmy' substituted by `cmy0' on input line 1352.
Package xcolor Info: Model `hsb' substituted by `rgb' on input line 1356.
Package xcolor Info: Model `RGB' extended on input line 1368.
Package xcolor Info: Model `HTML' substituted by `rgb' on input line 1370.
Package xcolor Info: Model `Hsb' substituted by `hsb' on input line 1371.
Package xcolor Info: Model `tHsb' substituted by `hsb' on input line 1372.
Package xcolor Info: Model `HSB' substituted by `hsb' on input line 1373.
Package xcolor Info: Model `Gray' substituted by `gray' on input line 1374.
Package xcolor Info: Model `wave' substituted by `hsb' on input line 1375.
)
(/usr/share/texlive/texmf-dist/tex/generic/pgf/basiclayer/pgfcore.code.tex
Package: pgfcore 2021/05/15 v3.1.9a (3.1.9a)

(/usr/share/texlive/texmf-dist/tex/generic/pgf/math/pgfmath.code.tex
(/usr/share/texlive/texmf-dist/tex/generic/pgf/math/pgfmathcalc.code.tex
(/usr/share/texlive/texmf-dist/tex/generic/pgf/math/pgfmathutil.code.tex)
(/usr/share/texlive/texmf-dist/tex/generic/pgf/math/pgfmathparser.code.tex
\pgfmath@dimen=\dimen176
\pgfmath@count=\count287
\pgfmath@box=\box60
\pgfmath@toks=\toks25
\pgfmath@stack@operand=\toks26
\pgfmath@stack@operation=\toks27
)
(/usr/share/texlive/texmf-dist/tex/generic/pgf/math/pgfmathfunctions.code.tex
(/usr/share/texlive/texmf-dist/tex/generic/pgf/math/pgfmathfunctions.basic.code
.tex)
(/usr/share/texlive/texmf-dist/tex/generic/pgf/math/pgfmathfunctions.trigonomet
ric.code.tex)
(/usr/share/texlive/texmf-dist/tex/generic/pgf/math/pgfmathfunctions.random.cod
e.tex)
(/usr/share/texlive/texmf-dist/tex/generic/pgf/math/pgfmathfunctions.comparison
.code.tex)
(/usr/share/texlive/texmf-dist/tex/generic/pgf/math/pgfmathfunctions.base.code.
tex)
(/usr/share/texlive/texmf-dist/tex/generic/pgf/math/pgfmathfunctions.round.code
.tex)
(/usr/share/texlive/texmf-dist/tex/generic/pgf/math/pgfmathfunctions.misc.code.
tex)
(/usr/share/texlive/texmf-dist/tex/generic/pgf/math/pgfmathfunctions.integerari
thmetics.code.tex)))
(/usr/share/texlive/texmf-dist/tex/generic/pgf/math/pgfmathfloat.code.tex
\c@pgfmathroundto@lastzeros=\count288
))
(/usr/share/texlive/texmf-dist/tex/generic/pgf/math/pgfint.code.tex)
(/usr/share/texlive/texmf-dist/tex/generic/pgf/basiclayer/pgfcorepoints.code.te
x
File: pgfcorepoints.code.tex 2021/05/15 v3.1.9a (3.1.9a)
\pgf@picminx=\dimen177
\pgf@picmaxx=\dimen178
\pgf@picminy=\dimen179
\pgf@picmaxy=\dimen180
\pgf@pathminx=\dimen181
\pgf@pathmaxx=\dimen182
\pgf@pathminy=\dimen183
\pgf@pathmaxy=\dimen184
\pgf@xx=\dimen185
\pgf@xy=\dimen186
\pgf@yx=\dimen187
\pgf@yy=\dimen188
\pgf@zx=\dimen189
\pgf@zy=\dimen190
)
(/usr/share/texlive/texmf-dist/tex/generic/pgf/basiclayer/pgfcorepathconstruct.
code.tex
File: pgfcorepathconstruct.code.tex 2021/05/15 v3.1.9a (3.1.9a)
\pgf@path@lastx=\dimen191
\pgf@path@lasty=\dimen192
)
(/usr/share/texlive/texmf-dist/tex/generic/pgf/basiclayer/pgfcorepathusage.code
.tex
File: pgfcorepathusage.code.tex 2021/05/15 v3.1.9a (3.1.9a)
\pgf@shorten@end@additional=\dimen193
\pgf@shorten@start@additional=\dimen194
)
(/usr/share/texlive/texmf-dist/tex/generic/pgf/basiclayer/pgfcorescopes.code.te
x
File: pgfcorescopes.code.tex 2021/05/15 v3.1.9a (3.1.9a)
\pgfpic=\box61
\pgf@hbox=\box62
\pgf@layerbox@main=\box63
\pgf@picture@serial@count=\count289
)
(/usr/share/texlive/texmf-dist/tex/generic/pgf/basiclayer/pgfcoregraphicstate.c
ode.tex
File: pgfcoregraphicstate.code.tex 2021/05/15 v3.1.9a (3.1.9a)
\pgflinewidth=\dimen195
)
(/usr/share/texlive/texmf-dist/tex/generic/pgf/basiclayer/pgfcoretransformation
s.code.tex
File: pgfcoretransformations.code.tex 2021/05/15 v3.1.9a (3.1.9a)
\pgf@pt@x=\dimen196
\pgf@pt@y=\dimen197
\pgf@pt@temp=\dimen198
)
(/usr/share/texlive/texmf-dist/tex/generic/pgf/basiclayer/pgfcorequick.code.tex
File: pgfcorequick.code.tex 2021/05/15 v3.1.9a (3.1.9a)
)
(/usr/share/texlive/texmf-dist/tex/generic/pgf/basiclayer/pgfcoreobjects.code.t
ex
File: pgfcoreobjects.code.tex 2021/05/15 v3.1.9a (3.1.9a)
)
(/usr/share/texlive/texmf-dist/tex/generic/pgf/basiclayer/pgfcorepathprocessing
.code.tex
File: pgfcorepathprocessing.code.tex 2021/05/15 v3.1.9a (3.1.9a)
)
(/usr/share/texlive/texmf-dist/tex/generic/pgf/basiclayer/pgfcorearrows.code.te
x
File: pgfcorearrows.code.tex 2021/05/15 v3.1.9a (3.1.9a)
\pgfarrowsep=\dimen199
)
(/usr/share/texlive/texmf-dist/tex/generic/pgf/basiclayer/pgfcoreshade.code.tex
File: pgfcoreshade.code.tex 2021/05/15 v3.1.9a (3.1.9a)
\pgf@max=\dimen256
\pgf@sys@shading@range@num=\count290
\pgf@shadingcount=\count291
)
(/usr/share/texlive/texmf-dist/tex/generic/pgf/basiclayer/pgfcoreimage.code.tex
File: pgfcoreimage.code.tex 2021/05/15 v3.1.9a (3.1.9a)

(/usr/share/texlive/texmf-dist/tex/generic/pgf/basiclayer/pgfcoreexternal.code.
tex
File: pgfcoreexternal.code.tex 2021/05/15 v3.1.9a (3.1.9a)
\pgfexternal@startupbox=\box64
))
(/usr/share/texlive/texmf-dist/tex/generic/pgf/basiclayer/pgfcorelayers.code.te
x
File: pgfcorelayers.code.tex 2021/05/15 v3.1.9a (3.1.9a)
)
(/usr/share/texlive/texmf-dist/tex/generic/pgf/basiclayer/pgfcoretransparency.c
ode.tex
File: pgfcoretransparency.code.tex 2021/05/15 v3.1.9a (3.1.9a)
)
(/usr/share/texlive/texmf-dist/tex/generic/pgf/basiclayer/pgfcorepatterns.code.
tex
File: pgfcorepatterns.code.tex 2021/05/15 v3.1.9a (3.1.9a)
)
(/usr/share/texlive/texmf-dist/tex/generic/pgf/basiclayer/pgfcorerdf.code.tex
File: pgfcorerdf.code.tex 2021/05/15 v3.1.9a (3.1.9a)
))) (/usr/share/texlive/texmf-dist/tex/latex/extsizes/size9.clo
File: size9.clo 1999/11/11 v1.4a NON-Standard LaTeX file (size option)
)
(/usr/share/texlive/texmf-dist/tex/latex/pgf/utilities/xxcolor.sty
Package: xxcolor 2003/10/24 ver 0.1
\XC@nummixins=\count292
\XC@countmixins=\count293
)
(/usr/share/texlive/texmf-dist/tex/latex/base/atbegshi-ltx.sty
Package: atbegshi-ltx 2021/01/10 v1.0c Emulation of the original atbegshi
package with kernel methods
)
(/usr/share/texlive/texmf-dist/tex/latex/hyperref/hyperref.sty
Package: hyperref 2021-06-07 v7.00m Hypertext links for LaTeX

(/usr/share/texlive/texmf-dist/tex/generic/ltxcmds/ltxcmds.sty
Package: ltxcmds 2020-05-10 v1.25 LaTeX kernel commands for general use (HO)
)
(/usr/share/texlive/texmf-dist/tex/generic/pdftexcmds/pdftexcmds.sty
Package: pdftexcmds 2020-06-27 v0.33 Utility functions of pdfTeX for LuaTeX (HO
)

(/usr/share/texlive/texmf-dist/tex/generic/infwarerr/infwarerr.sty
Package: infwarerr 2019/12/03 v1.5 Providing info/warning/error messages (HO)
)
Package pdftexcmds Info: \pdf@primitive is available.
Package pdftexcmds Info: \pdf@ifprimitive is available.
Package pdftexcmds Info: \pdfdraftmode found.
)
(/usr/share/texlive/texmf-dist/tex/generic/kvsetkeys/kvsetkeys.sty
Package: kvsetkeys 2019/12/15 v1.18 Key value parser (HO)
)
(/usr/share/texlive/texmf-dist/tex/generic/kvdefinekeys/kvdefinekeys.sty
Package: kvdefinekeys 2019-12-19 v1.6 Define keys (HO)
)
(/usr/share/texlive/texmf-dist/tex/generic/pdfescape/pdfescape.sty
Package: pdfescape 2019/12/09 v1.15 Implements pdfTeX's escape features (HO)
)
(/usr/share/texlive/texmf-dist/tex/latex/hycolor/hycolor.sty
Package: hycolor 2020-01-27 v1.10 Color options for hyperref/bookmark (HO)
)
(/usr/share/texlive/texmf-dist/tex/latex/letltxmacro/letltxmacro.sty
Package: letltxmacro 2019/12/03 v1.6 Let assignment for LaTeX macros (HO)
)
(/usr/share/texlive/texmf-dist/tex/latex/auxhook/auxhook.sty
Package: auxhook 2019-12-17 v1.6 Hooks for auxiliary files (HO)
)
(/usr/share/texlive/texmf-dist/tex/latex/kvoptions/kvoptions.sty
Package: kvoptions 2020-10-07 v3.14 Key value format for package options (HO)
)
\@linkdim=\dimen257
\Hy@linkcounter=\count294
\Hy@pagecounter=\count295

(/usr/share/texlive/texmf-dist/tex/latex/hyperref/pd1enc.def
File: pd1enc.def 2021-06-07 v7.00m Hyperref: PDFDocEncoding definition (HO)
Now handling font encoding PD1 ...
... no UTF-8 mapping file for font encoding PD1
)
(/usr/share/texlive/texmf-dist/tex/latex/hyperref/hyperref-langpatches.def
File: hyperref-langpatches.def 2021-06-07 v7.00m Hyperref: patches for babel la
nguages
)
(/usr/share/texlive/texmf-dist/tex/generic/intcalc/intcalc.sty
Package: intcalc 2019/12/15 v1.3 Expandable calculations with integers (HO)
)
(/usr/share/texlive/texmf-dist/tex/generic/etexcmds/etexcmds.sty
Package: etexcmds 2019/12/15 v1.7 Avoid name clashes with e-TeX commands (HO)
)
\Hy@SavedSpaceFactor=\count296

(/usr/share/texlive/texmf-dist/tex/latex/hyperref/puenc.def
File: puenc.def 2021-06-07 v7.00m Hyperref: PDF Unicode definition (HO)
Now handling font encoding PU ...
... no UTF-8 mapping file for font encoding PU
)
Package hyperref Info: Option `bookmarks' set `true' on input line 4073.
Package hyperref Info: Option `bookmarksopen' set `true' on input line 4073.
Package hyperref Info: Option `implicit' set `false' on input line 4073.
Package hyperref Info: Hyper figures OFF on input line 4192.
Package hyperref Info: Link nesting OFF on input line 4197.
Package hyperref Info: Hyper index ON on input line 4200.
Package hyperref Info: Plain pages OFF on input line 4207.
Package hyperref Info: Backreferencing OFF on input line 4212.
Package hyperref Info: Implicit mode OFF; no redefinition of LaTeX internals.
Package hyperref Info: Bookmarks ON on input line 4445.
\c@Hy@tempcnt=\count297

(/usr/share/texlive/texmf-dist/tex/latex/url/url.sty
\Urlmuskip=\muskip16
Package: url 2013/09/16  ver 3.4  Verb mode for urls, etc.
)
LaTeX Info: Redefining \url on input line 4804.
\XeTeXLinkMargin=\dimen258

(/usr/share/texlive/texmf-dist/tex/generic/bitset/bitset.sty
Package: bitset 2019/12/09 v1.3 Handle bit-vector datatype (HO)

(/usr/share/texlive/texmf-dist/tex/generic/bigintcalc/bigintcalc.sty
Package: bigintcalc 2019/12/15 v1.5 Expandable calculations on big integers (HO
)
))
\Fld@menulength=\count298
\Field@Width=\dimen259
\Fld@charsize=\dimen260
Package hyperref Info: Hyper figures OFF on input line 6076.
Package hyperref Info: Link nesting OFF on input line 6081.
Package hyperref Info: Hyper index ON on input line 6084.
Package hyperref Info: backreferencing OFF on input line 6091.
Package hyperref Info: Link coloring OFF on input line 6096.
Package hyperref Info: Link coloring with OCG OFF on input line 6101.
Package hyperref Info: PDF/A mode OFF on input line 6106.
LaTeX Info: Redefining \ref on input line 6146.
LaTeX Info: Redefining \pageref on input line 6150.
\Hy@abspage=\count299


Package hyperref Message: Stopped early.

)
Package hyperref Info: Driver (autodetected): hpdftex.
 (/usr/share/texlive/texmf-dist/tex/latex/hyperref/hpdftex.def
File: hpdftex.def 2021-06-07 v7.00m Hyperref driver for pdfTeX

(/usr/share/texlive/texmf-dist/tex/latex/base/atveryend-ltx.sty
Package: atveryend-ltx 2020/08/19 v1.0a Emulation of the original atveryend pac
kage
with kernel methods
)
\Fld@listcount=\count300
\c@bookmark@seq@number=\count301

(/usr/share/texlive/texmf-dist/tex/latex/rerunfilecheck/rerunfilecheck.sty
Package: rerunfilecheck 2019/12/05 v1.9 Rerun checks for auxiliary files (HO)

(/usr/share/texlive/texmf-dist/tex/generic/uniquecounter/uniquecounter.sty
Package: uniquecounter 2019/12/15 v1.4 Provide unlimited unique counter (HO)
)
Package uniquecounter Info: New unique counter `rerunfilecheck' on input line 2
86.
))
(/usr/share/texlive/texmf-dist/tex/latex/beamer/beamerbaserequires.sty
(/usr/share/texlive/texmf-dist/tex/latex/beamer/beamerbasecompatibility.sty)
(/usr/share/texlive/texmf-dist/tex/latex/beamer/beamerbasefont.sty
(/usr/share/texlive/texmf-dist/tex/latex/amsfonts/amssymb.sty
Package: amssymb 2013/01/14 v3.01 AMS font symbols

(/usr/share/texlive/texmf-dist/tex/latex/amsfonts/amsfonts.sty
Package: amsfonts 2013/01/14 v3.01 Basic AMSFonts support
\@emptytoks=\toks28
\symAMSa=\mathgroup4
\symAMSb=\mathgroup5
LaTeX Font Info:    Redeclaring math symbol \hbar on input line 98.
LaTeX Font Info:    Overwriting math alphabet `\mathfrak' in version `bold'
(Font)                  U/euf/m/n --> U/euf/b/n on input line 106.
)))
(/usr/share/texlive/texmf-dist/tex/latex/beamer/beamerbasetranslator.sty
(/usr/share/texlive/texmf-dist/tex/latex/translator/translator.sty
Package: translator 2021-05-31 v1.12d Easy translation of strings in LaTeX
))
(/usr/share/texlive/texmf-dist/tex/latex/beamer/beamerbasemisc.sty)
(/usr/share/texlive/texmf-dist/tex/latex/beamer/beamerbasetwoscreens.sty)
(/usr/share/texlive/texmf-dist/tex/latex/beamer/beamerbaseoverlay.sty
\beamer@argscount=\count302
\beamer@lastskipcover=\skip50
\beamer@trivlistdepth=\count303
)
(/usr/share/texlive/texmf-dist/tex/latex/beamer/beamerbasetitle.sty)
(/usr/share/texlive/texmf-dist/tex/latex/beamer/beamerbasesection.sty
\c@lecture=\count304
\c@part=\count305
\c@section=\count306
\c@subsection=\count307
\c@subsubsection=\count308
)
(/usr/share/texlive/texmf-dist/tex/latex/beamer/beamerbaseframe.sty
\beamer@framebox=\box65
\beamer@frametitlebox=\box66
\beamer@zoombox=\box67
\beamer@zoomcount=\count309
\beamer@zoomframecount=\count310
\beamer@frametextheight=\dimen261
\c@subsectionslide=\count311
\beamer@frametopskip=\skip51
\beamer@framebottomskip=\skip52
\beamer@frametopskipautobreak=\skip53
\beamer@framebottomskipautobreak=\skip54
\beamer@envbody=\toks29
\framewidth=\dimen262
\c@framenumber=\count312
)
(/usr/share/texlive/texmf-dist/tex/latex/beamer/beamerbaseverbatim.sty
\beamer@verbatimfileout=\write4
)
(/usr/share/texlive/texmf-dist/tex/latex/beamer/beamerbaseframesize.sty
\beamer@splitbox=\box68
\beamer@autobreakcount=\count313
\beamer@autobreaklastheight=\dimen263
\beamer@frametitletoks=\toks30
\beamer@framesubtitletoks=\toks31
)
(/usr/share/texlive/texmf-dist/tex/latex/beamer/beamerbaseframecomponents.sty
\beamer@footins=\box69
)
(/usr/share/texlive/texmf-dist/tex/latex/beamer/beamerbasecolor.sty)
(/usr/share/texlive/texmf-dist/tex/latex/beamer/beamerbasenotes.sty
\beamer@frameboxcopy=\box70
)
(/usr/share/texlive/texmf-dist/tex/latex/beamer/beamerbasetoc.sty)
(/usr/share/texlive/texmf-dist/tex/latex/beamer/beamerbasetemplates.sty
\beamer@sbttoks=\toks32

(/usr/share/texlive/texmf-dist/tex/latex/beamer/beamerbaseauxtemplates.sty
(/usr/share/texlive/texmf-dist/tex/latex/beamer/beamerbaseboxes.sty
\bmb@box=\box71
\bmb@colorbox=\box72
\bmb@boxwidth=\dimen264
\bmb@boxheight=\dimen265
\bmb@prevheight=\dimen266
\bmb@temp=\dimen267
\bmb@dima=\dimen268
\bmb@dimb=\dimen269
\bmb@prevheight=\dimen270
)
\beamer@blockheadheight=\dimen271
))
(/usr/share/texlive/texmf-dist/tex/latex/beamer/beamerbaselocalstructure.sty
(/usr/share/texlive/texmf-dist/tex/latex/tools/enumerate.sty
Package: enumerate 2015/07/23 v3.00 enumerate extensions (DPC)
\@enLab=\toks33
)
\beamer@bibiconwidth=\skip55
\c@figure=\count314
\c@table=\count315
\abovecaptionskip=\skip56
\belowcaptionskip=\skip57
)
(/usr/share/texlive/texmf-dist/tex/latex/beamer/beamerbasenavigation.sty
\beamer@section@min@dim=\dimen272
)
(/usr/share/texlive/texmf-dist/tex/latex/beamer/beamerbasetheorems.sty
(/usr/share/texlive/texmf-dist/tex/latex/amsmath/amsmath.sty
Package: amsmath 2021/10/15 v2.17l AMS math features
\@mathmargin=\skip58

For additional information on amsmath, use the `?' option.
(/usr/share/texlive/texmf-dist/tex/latex/amsmath/amstext.sty
Package: amstext 2021/08/26 v2.01 AMS text

(/usr/share/texlive/texmf-dist/tex/latex/amsmath/amsgen.sty
File: amsgen.sty 1999/11/30 v2.0 generic functions
\@emptytoks=\toks34
\ex@=\dimen273
))
(/usr/share/texlive/texmf-dist/tex/latex/amsmath/amsbsy.sty
Package: amsbsy 1999/11/29 v1.2d Bold Symbols
\pmbraise@=\dimen274
)
(/usr/share/texlive/texmf-dist/tex/latex/amsmath/amsopn.sty
Package: amsopn 2021/08/26 v2.02 operator names
)
\inf@bad=\count316
LaTeX Info: Redefining \frac on input line 234.
\uproot@=\count317
\leftroot@=\count318
LaTeX Info: Redefining \overline on input line 399.
\classnum@=\count319
\DOTSCASE@=\count320
LaTeX Info: Redefining \ldots on input line 496.
LaTeX Info: Redefining \dots on input line 499.
LaTeX Info: Redefining \cdots on input line 620.
\Mathstrutbox@=\box73
\strutbox@=\box74
\big@size=\dimen275
LaTeX Font Info:    Redeclaring font encoding OML on input line 743.
LaTeX Font Info:    Redeclaring font encoding OMS on input line 744.
\macc@depth=\count321
\c@MaxMatrixCols=\count322
\dotsspace@=\muskip17
\c@parentequation=\count323
\dspbrk@lvl=\count324
\tag@help=\toks35
\row@=\count325
\column@=\count326
\maxfields@=\count327
\andhelp@=\toks36
\eqnshift@=\dimen276
\alignsep@=\dimen277
\tagshift@=\dimen278
\tagwidth@=\dimen279
\totwidth@=\dimen280
\lineht@=\dimen281
\@envbody=\toks37
\multlinegap=\skip59
\multlinetaggap=\skip60
\mathdisplay@stack=\toks38
LaTeX Info: Redefining \[ on input line 2938.
LaTeX Info: Redefining \] on input line 2939.
)
(/usr/share/texlive/texmf-dist/tex/latex/amscls/amsthm.sty
Package: amsthm 2020/05/29 v2.20.6
\thm@style=\toks39
\thm@bodyfont=\toks40
\thm@headfont=\toks41
\thm@notefont=\toks42
\thm@headpunct=\toks43
\thm@preskip=\skip61
\thm@postskip=\skip62
\thm@headsep=\skip63
\dth@everypar=\toks44
)
\c@theorem=\count328
)
(/usr/share/texlive/texmf-dist/tex/latex/beamer/beamerbasethemes.sty))
(/usr/share/texlive/texmf-dist/tex/latex/beamer/beamerthemedefault.sty
(/usr/share/texlive/texmf-dist/tex/latex/beamer/beamerfontthemedefault.sty)
(/usr/share/texlive/texmf-dist/tex/latex/beamer/beamercolorthemedefault.sty)
(/usr/share/texlive/texmf-dist/tex/latex/beamer/beamerinnerthemedefault.sty
\beamer@dima=\dimen282
\beamer@dimb=\dimen283
)
(/usr/share/texlive/texmf-dist/tex/latex/beamer/beamerouterthemedefault.sty)))
(/usr/share/texlive/texmf-dist/tex/latex/base/inputenc.sty
Package: inputenc 2021/02/14 v1.3d Input encoding file
\inpenc@prehook=\toks45
\inpenc@posthook=\toks46
)
(/usr/share/texlive/texmf-dist/tex/latex/pgf/frontendlayer/tikz.sty
(/usr/share/texlive/texmf-dist/tex/latex/pgf/basiclayer/pgf.sty
Package: pgf 2021/05/15 v3.1.9a (3.1.9a)

(/usr/share/texlive/texmf-dist/tex/generic/pgf/modules/pgfmoduleshapes.code.tex
File: pgfmoduleshapes.code.tex 2021/05/15 v3.1.9a (3.1.9a)
\pgfnodeparttextbox=\box75
) (/usr/share/texlive/texmf-dist/tex/generic/pgf/modules/pgfmoduleplot.code.tex
File: pgfmoduleplot.code.tex 2021/05/15 v3.1.9a (3.1.9a)
)
(/usr/share/texlive/texmf-dist/tex/latex/pgf/compatibility/pgfcomp-version-0-65
.sty
Package: pgfcomp-version-0-65 2021/05/15 v3.1.9a (3.1.9a)
\pgf@nodesepstart=\dimen284
\pgf@nodesepend=\dimen285
)
(/usr/share/texlive/texmf-dist/tex/latex/pgf/compatibility/pgfcomp-version-1-18
.sty
Package: pgfcomp-version-1-18 2021/05/15 v3.1.9a (3.1.9a)
)) (/usr/share/texlive/texmf-dist/tex/latex/pgf/utilities/pgffor.sty
(/usr/share/texlive/texmf-dist/tex/latex/pgf/utilities/pgfkeys.sty
(/usr/share/texlive/texmf-dist/tex/generic/pgf/utilities/pgfkeys.code.tex))
(/usr/share/texlive/texmf-dist/tex/latex/pgf/math/pgfmath.sty
(/usr/share/texlive/texmf-dist/tex/generic/pgf/math/pgfmath.code.tex))
(/usr/share/texlive/texmf-dist/tex/generic/pgf/utilities/pgffor.code.tex
Package: pgffor 2021/05/15 v3.1.9a (3.1.9a)

(/usr/share/texlive/texmf-dist/tex/generic/pgf/math/pgfmath.code.tex)
\pgffor@iter=\dimen286
\pgffor@skip=\dimen287
\pgffor@stack=\toks47
\pgffor@toks=\toks48
))
(/usr/share/texlive/texmf-dist/tex/generic/pgf/frontendlayer/tikz/tikz.code.tex
Package: tikz 2021/05/15 v3.1.9a (3.1.9a)

(/usr/share/texlive/texmf-dist/tex/generic/pgf/libraries/pgflibraryplothandlers
.code.tex
File: pgflibraryplothandlers.code.tex 2021/05/15 v3.1.9a (3.1.9a)
\pgf@plot@mark@count=\count329
\pgfplotmarksize=\dimen288
)
\tikz@lastx=\dimen289
\tikz@lasty=\dimen290
\tikz@lastxsaved=\dimen291
\tikz@lastysaved=\dimen292
\tikz@lastmovetox=\dimen293
\tikz@lastmovetoy=\dimen294
\tikzleveldistance=\dimen295
\tikzsiblingdistance=\dimen296
\tikz@figbox=\box76
\tikz@figbox@bg=\box77
\tikz@tempbox=\box78
\tikz@tempbox@bg=\box79
\tikztreelevel=\count330
\tikznumberofchildren=\count331
\tikznumberofcurrentchild=\count332
\tikz@fig@count=\count333

(/usr/share/texlive/texmf-dist/tex/generic/pgf/modules/pgfmodulematrix.code.tex
File: pgfmodulematrix.code.tex 2021/05/15 v3.1.9a (3.1.9a)
\pgfmatrixcurrentrow=\count334
\pgfmatrixcurrentcolumn=\count335
\pgf@matrix@numberofcolumns=\count336
)
\tikz@expandcount=\count337

(/usr/share/texlive/texmf-dist/tex/generic/pgf/frontendlayer/tikz/libraries/tik
zlibrarytopaths.code.tex
File: tikzlibrarytopaths.code.tex 2021/05/15 v3.1.9a (3.1.9a)
)))
(/usr/share/texlive/texmf-dist/tex/latex/caption/caption.sty
Package: caption 2020/10/26 v3.5g Customizing captions (AR)

(/usr/share/texlive/texmf-dist/tex/latex/caption/caption3.sty
Package: caption3 2020/10/21 v2.2e caption3 kernel (AR)
\captionmargin=\dimen297
\captionmargin@=\dimen298
\captionwidth=\dimen299
\caption@tempdima=\dimen300
\caption@indent=\dimen301
\caption@parindent=\dimen302
\caption@hangindent=\dimen303
Package caption Info: beamer document class detected.

(/usr/share/texlive/texmf-dist/tex/latex/caption/caption-beamer.sto
File: caption-beamer.sto 2020/08/22 v2.0 Adaption of the caption package to the
 beamer document classes (AR)
))
\c@caption@flags=\count338
\c@continuedfloat=\count339
Package caption Info: hyperref package is loaded.
Package caption Info: Hyperref support is turned off
(caption)             because hyperref has stopped early.
)
(./matlab.sty
Package: matlab 
 (/usr/share/texlive/texmf-dist/tex/latex/tools/verbatim.sty
Package: verbatim 2020-07-07 v1.5u LaTeX2e package for verbatim enhancements
\every@verbatim=\toks49
\verbatim@line=\toks50
\verbatim@in@stream=\read3
)
(/usr/share/texlive/texmf-dist/tex/latex/fancyvrb/fancyvrb.sty
Package: fancyvrb 2021/12/21 4.1b verbatim text (tvz,hv)
\FV@CodeLineNo=\count340
\FV@InFile=\read4
\FV@TabBox=\box80
\c@FancyVerbLine=\count341
\FV@StepNumber=\count342
\FV@OutFile=\write5
)
(/usr/share/texlive/texmf-dist/tex/latex/base/alltt.sty
Package: alltt 2021/01/29 v2.0g defines alltt environment
)
(/usr/share/texlive/texmf-dist/tex/latex/upquote/upquote.sty
Package: upquote 2012/04/19 v1.3 upright-quote and grave-accent glyphs in verba
tim
)
(/usr/share/texlive/texmf-dist/tex/latex/mdframed/mdframed.sty
Package: mdframed 2013/07/01 1.9b: mdframed

(/usr/share/texlive/texmf-dist/tex/latex/l3packages/xparse/xparse.sty
(/usr/share/texlive/texmf-dist/tex/latex/l3kernel/expl3.sty
Package: expl3 2022-01-21 L3 programming layer (loader) 

(/usr/share/texlive/texmf-dist/tex/latex/l3backend/l3backend-pdftex.def
File: l3backend-pdftex.def 2022-01-12 L3 backend support: PDF output (pdfTeX)
\l__color_backend_stack_int=\count343
\l__pdf_internal_box=\box81
))
Package: xparse 2022-01-12 L3 Experimental document command parser
)
(/usr/share/texlive/texmf-dist/tex/latex/zref/zref-abspage.sty
Package: zref-abspage 2020-07-03 v2.32 Module abspage for zref (HO)

(/usr/share/texlive/texmf-dist/tex/latex/zref/zref-base.sty
Package: zref-base 2020-07-03 v2.32 Module base for zref (HO)
Package zref Info: New property list: main on input line 764.
Package zref Info: New property: default on input line 765.
Package zref Info: New property: page on input line 766.
)
\c@abspage=\count344
Package zref Info: New property: abspage on input line 66.
)
(/usr/share/texlive/texmf-dist/tex/latex/needspace/needspace.sty
Package: needspace 2010/09/12 v1.3d reserve vertical space
)
\mdf@templength=\skip64
\c@mdf@globalstyle@cnt=\count345
\mdf@skipabove@length=\skip65
\mdf@skipbelow@length=\skip66
\mdf@leftmargin@length=\skip67
\mdf@rightmargin@length=\skip68
\mdf@innerleftmargin@length=\skip69
\mdf@innerrightmargin@length=\skip70
\mdf@innertopmargin@length=\skip71
\mdf@innerbottommargin@length=\skip72
\mdf@splittopskip@length=\skip73
\mdf@splitbottomskip@length=\skip74
\mdf@outermargin@length=\skip75
\mdf@innermargin@length=\skip76
\mdf@linewidth@length=\skip77
\mdf@innerlinewidth@length=\skip78
\mdf@middlelinewidth@length=\skip79
\mdf@outerlinewidth@length=\skip80
\mdf@roundcorner@length=\skip81
\mdf@footenotedistance@length=\skip82
\mdf@userdefinedwidth@length=\skip83
\mdf@needspace@length=\skip84
\mdf@frametitleaboveskip@length=\skip85
\mdf@frametitlebelowskip@length=\skip86
\mdf@frametitlerulewidth@length=\skip87
\mdf@frametitleleftmargin@length=\skip88
\mdf@frametitlerightmargin@length=\skip89
\mdf@shadowsize@length=\skip90
\mdf@extratopheight@length=\skip91
\mdf@subtitleabovelinewidth@length=\skip92
\mdf@subtitlebelowlinewidth@length=\skip93
\mdf@subtitleaboveskip@length=\skip94
\mdf@subtitlebelowskip@length=\skip95
\mdf@subtitleinneraboveskip@length=\skip96
\mdf@subtitleinnerbelowskip@length=\skip97
\mdf@subsubtitleabovelinewidth@length=\skip98
\mdf@subsubtitlebelowlinewidth@length=\skip99
\mdf@subsubtitleaboveskip@length=\skip100
\mdf@subsubtitlebelowskip@length=\skip101
\mdf@subsubtitleinneraboveskip@length=\skip102
\mdf@subsubtitleinnerbelowskip@length=\skip103

(/usr/share/texlive/texmf-dist/tex/latex/mdframed/md-frame-1.mdf
File: md-frame-1.mdf 2013/07/01\ 1.9b: md-frame-1
)
\mdf@frametitlebox=\box82
\mdf@footnotebox=\box83
\mdf@splitbox@one=\box84
\mdf@splitbox@two=\box85
\mdf@splitbox@save=\box86
\mdfsplitboxwidth=\skip104
\mdfsplitboxtotalwidth=\skip105
\mdfsplitboxheight=\skip106
\mdfsplitboxdepth=\skip107
\mdfsplitboxtotalheight=\skip108
\mdfframetitleboxwidth=\skip109
\mdfframetitleboxtotalwidth=\skip110
\mdfframetitleboxheight=\skip111
\mdfframetitleboxdepth=\skip112
\mdfframetitleboxtotalheight=\skip113
\mdffootnoteboxwidth=\skip114
\mdffootnoteboxtotalwidth=\skip115
\mdffootnoteboxheight=\skip116
\mdffootnoteboxdepth=\skip117
\mdffootnoteboxtotalheight=\skip118
\mdftotallinewidth=\skip119
\mdfboundingboxwidth=\skip120
\mdfboundingboxtotalwidth=\skip121
\mdfboundingboxheight=\skip122
\mdfboundingboxdepth=\skip123
\mdfboundingboxtotalheight=\skip124
\mdf@freevspace@length=\skip125
\mdf@horizontalwidthofbox@length=\skip126
\mdf@verticalmarginwhole@length=\skip127
\mdf@horizontalspaceofbox=\skip128
\mdfsubtitleheight=\skip129
\mdfsubsubtitleheight=\skip130
\c@mdfcountframes=\count346

****** mdframed patching \endmdf@trivlist

****** -- failed******

\mdf@envdepth=\count347
\c@mdf@env@i=\count348
\c@mdf@env@ii=\count349
\c@mdf@zref@counter=\count350
Package zref Info: New property: mdf@pagevalue on input line 895.
)
   defining Unicode char U+B0 (decimal 176)
   defining Unicode char U+21B5 (decimal 8629)
Package hyperref Info: Option `colorlinks' set `true' on input line 30.
\c@multititle=\count351
\c@hastoc=\count352
)
(/usr/share/texlive/texmf-dist/tex/latex/beamer/beamerfontthemeserif.sty)
(/usr/share/texlive/texmf-dist/tex/latex/beamer/beamerthemeBerkeley.sty
(/usr/share/texlive/texmf-dist/tex/latex/beamer/beamerouterthemesidebar.sty
\beamer@sidebarwidth=\dimen304
\beamer@headheight=\dimen305
)
(/usr/share/texlive/texmf-dist/tex/latex/beamer/beamerinnerthemerectangles.sty)
(/usr/share/texlive/texmf-dist/tex/latex/beamer/beamercolorthemewhale.sty)
(/usr/share/texlive/texmf-dist/tex/latex/beamer/beamercolorthemeorchid.sty))
(/usr/share/texlive/texmf-dist/tex/latex/adjustbox/adjustbox.sty
Package: adjustbox 2020/08/19 v1.3 Adjusting TeX boxes (trim, clip, ...)

(/usr/share/texlive/texmf-dist/tex/latex/xkeyval/xkeyval.sty
Package: xkeyval 2020/11/20 v2.8 package option processing (HA)

(/usr/share/texlive/texmf-dist/tex/generic/xkeyval/xkeyval.tex
(/usr/share/texlive/texmf-dist/tex/generic/xkeyval/xkvutils.tex
\XKV@toks=\toks51
\XKV@tempa@toks=\toks52
)
\XKV@depth=\count353
File: xkeyval.tex 2014/12/03 v2.7a key=value parser (HA)
))
(/usr/share/texlive/texmf-dist/tex/latex/adjustbox/adjcalc.sty
Package: adjcalc 2012/05/16 v1.1 Provides advanced setlength with multiple back
-ends (calc, etex, pgfmath)
)
(/usr/share/texlive/texmf-dist/tex/latex/adjustbox/trimclip.sty
Package: trimclip 2020/08/19 v1.2 Trim and clip general TeX material

(/usr/share/texlive/texmf-dist/tex/latex/collectbox/collectbox.sty
Package: collectbox 2012/05/17 v0.4b Collect macro arguments as boxes
\collectedbox=\box87
)
\tc@llx=\dimen306
\tc@lly=\dimen307
\tc@urx=\dimen308
\tc@ury=\dimen309
Package trimclip Info: Using driver 'tc-pdftex.def'.

(/usr/share/texlive/texmf-dist/tex/latex/adjustbox/tc-pdftex.def
File: tc-pdftex.def 2019/01/04 v2.2 Clipping driver for pdftex
))
\adjbox@Width=\dimen310
\adjbox@Height=\dimen311
\adjbox@Depth=\dimen312
\adjbox@Totalheight=\dimen313
\adjbox@pwidth=\dimen314
\adjbox@pheight=\dimen315
\adjbox@pdepth=\dimen316
\adjbox@ptotalheight=\dimen317

(/usr/share/texlive/texmf-dist/tex/latex/ifoddpage/ifoddpage.sty
Package: ifoddpage 2016/04/23 v1.1 Conditionals for odd/even page detection
\c@checkoddpage=\count354
)
(/usr/share/texlive/texmf-dist/tex/latex/varwidth/varwidth.sty
Package: varwidth 2009/03/30 ver 0.92;  Variable-width minipages
\@vwid@box=\box88
\sift@deathcycles=\count355
\@vwid@loff=\dimen318
\@vwid@roff=\dimen319
))
(/usr/share/texlive/texmf-dist/tex/latex/minted/minted.sty
Package: minted 2021/12/24 v2.6 Yet another Pygments shim for LaTeX

(/usr/share/texlive/texmf-dist/tex/latex/fvextra/fvextra.sty
Package: fvextra 2019/02/04 v1.4 fvextra - extensions and patches for fancyvrb

(/usr/share/texlive/texmf-dist/tex/latex/base/ifthen.sty
Package: ifthen 2020/11/24 v1.1c Standard LaTeX ifthen package (DPC)
)
(/usr/share/texlive/texmf-dist/tex/latex/lineno/lineno.sty
Package: lineno 2005/11/02 line numbers on paragraphs v4.41
\linenopenalty=\count356
\output=\toks53
\linenoprevgraf=\count357
\linenumbersep=\dimen320
\linenumberwidth=\dimen321
\c@linenumber=\count358
\c@pagewiselinenumber=\count359
\c@LN@truepage=\count360
\c@internallinenumber=\count361
\c@internallinenumbers=\count362
\quotelinenumbersep=\dimen322
\bframerule=\dimen323
\bframesep=\dimen324
\bframebox=\box89
LaTeX Info: Redefining \\ on input line 3056.
)
\c@FV@TrueTabGroupLevel=\count363
\c@FV@TrueTabCounter=\count364
\FV@TabBox@Group=\box90
\FV@TmpLength=\skip131
\c@FV@HighlightLinesStart=\count365
\c@FV@HighlightLinesStop=\count366
\FV@LoopCount=\count367
\FV@NCharsBox=\box91
\FV@BreakIndent=\dimen325
\FV@BreakIndentNChars=\count368
\FV@BreakSymbolSepLeft=\dimen326
\FV@BreakSymbolSepLeftNChars=\count369
\FV@BreakSymbolSepRight=\dimen327
\FV@BreakSymbolSepRightNChars=\count370
\FV@BreakSymbolIndentLeft=\dimen328
\FV@BreakSymbolIndentLeftNChars=\count371
\FV@BreakSymbolIndentRight=\dimen329
\FV@BreakSymbolIndentRightNChars=\count372
\c@FancyVerbLineBreakLast=\count373
\FV@LineBox=\box92
\FV@LineIndentBox=\box93
\FV@LineWidth=\dimen330
)
(/usr/share/texlive/texmf-dist/tex/latex/tools/calc.sty
Package: calc 2017/05/25 v4.3 Infix arithmetic (KKT,FJ)
\calc@Acount=\count374
\calc@Bcount=\count375
\calc@Adimen=\dimen331
\calc@Bdimen=\dimen332
\calc@Askip=\skip132
\calc@Bskip=\skip133
LaTeX Info: Redefining \setlength on input line 80.
LaTeX Info: Redefining \addtolength on input line 81.
\calc@Ccount=\count376
\calc@Cskip=\skip134
)
(/usr/share/texlive/texmf-dist/tex/latex/tools/shellesc.sty
Package: shellesc 2019/11/08 v1.0c unified shell escape interface for LaTeX
Package shellesc Info: Unrestricted shell escape enabled on input line 75.
)
(/usr/share/texlive/texmf-dist/tex/latex/ifplatform/ifplatform.sty
Package: ifplatform 2017/10/13 v0.4a Testing for the operating system

(/usr/share/texlive/texmf-dist/tex/generic/catchfile/catchfile.sty
Package: catchfile 2019/12/09 v1.8 Catch the contents of a file (HO)
)
(/usr/share/texlive/texmf-dist/tex/generic/iftex/ifluatex.sty
Package: ifluatex 2019/10/25 v1.5 ifluatex legacy package. Use iftex instead.
)
runsystem(uname -s > "seminar-mujoco-dcvu.w18")...executed.


(./seminar-mujoco-dcvu.w18)
runsystem(rm -- "seminar-mujoco-dcvu.w18")...executed.

)
(/usr/share/texlive/texmf-dist/tex/generic/xstring/xstring.sty
(/usr/share/texlive/texmf-dist/tex/generic/xstring/xstring.tex
\integerpart=\count377
\decimalpart=\count378
)
Package: xstring 2021/07/21 v1.84 String manipulations (CT)
)
(/usr/share/texlive/texmf-dist/tex/latex/framed/framed.sty
Package: framed 2011/10/22 v 0.96: framed or shaded text with page breaks
\OuterFrameSep=\skip135
\fb@frw=\dimen333
\fb@frh=\dimen334
\FrameRule=\dimen335
\FrameSep=\dimen336
)
(/usr/share/texlive/texmf-dist/tex/latex/float/float.sty
Package: float 2001/11/08 v1.3d Float enhancements (AL)
\c@float@type=\count379
\float@exts=\toks54
\float@box=\box94
\@float@everytoks=\toks55
\@floatcapt=\box95
)
\minted@appexistsfile=\read5
\minted@bgbox=\box96
\minted@code=\write6
\c@minted@FancyVerbLineTemp=\count380
\c@minted@pygmentizecounter=\count381
\@float@every@listing=\toks56
\c@listing=\count382
)
runsystem(mkdir -p _minted-seminar-mujoco-dcvu)...executed.

runsystem(which pygmentize && touch seminar-mujoco-dcvu.aex)...executed.

runsystem(rm seminar-mujoco-dcvu.aex)...executed.


(./seminar-mujoco-dcvu.aux)
\openout1 = `seminar-mujoco-dcvu.aux'.

LaTeX Font Info:    Checking defaults for OML/cmm/m/it on input line 93.
LaTeX Font Info:    ... okay on input line 93.
LaTeX Font Info:    Checking defaults for OMS/cmsy/m/n on input line 93.
LaTeX Font Info:    ... okay on input line 93.
LaTeX Font Info:    Checking defaults for OT1/cmr/m/n on input line 93.
LaTeX Font Info:    ... okay on input line 93.
LaTeX Font Info:    Checking defaults for T1/cmr/m/n on input line 93.
LaTeX Font Info:    ... okay on input line 93.
LaTeX Font Info:    Checking defaults for TS1/cmr/m/n on input line 93.
LaTeX Font Info:    ... okay on input line 93.
LaTeX Font Info:    Checking defaults for OMX/cmex/m/n on input line 93.
LaTeX Font Info:    ... okay on input line 93.
LaTeX Font Info:    Checking defaults for U/cmr/m/n on input line 93.
LaTeX Font Info:    ... okay on input line 93.
LaTeX Font Info:    Checking defaults for PD1/pdf/m/n on input line 93.
LaTeX Font Info:    ... okay on input line 93.
LaTeX Font Info:    Checking defaults for PU/pdf/m/n on input line 93.
LaTeX Font Info:    ... okay on input line 93.

*geometry* driver: auto-detecting
*geometry* detected driver: pdftex
*geometry* verbose mode - [ preamble ] result:
* driver: pdftex
* paper: custom
* layout: <same size as paper>
* layoutoffset:(h,v)=(0.0pt,0.0pt)
* modes: includehead includefoot 
* h-part:(L,W,R)=(46.72636pt, 303.24263pt, 14.22636pt)
* v-part:(T,H,B)=(0.0pt, 273.14662pt, 0.0pt)
* \paperwidth=364.19536pt
* \paperheight=273.14662pt
* \textwidth=303.24263pt
* \textheight=244.6939pt
* \oddsidemargin=-25.54362pt
* \evensidemargin=-25.54362pt
* \topmargin=-72.26999pt
* \headheight=14.22636pt
* \headsep=0.0pt
* \topskip=9.0pt
* \footskip=14.22636pt
* \marginparwidth=4.0pt
* \marginparsep=10.0pt
* \columnsep=10.0pt
* \skip\footins=8.0pt plus 4.0pt minus 2.0pt
* \hoffset=0.0pt
* \voffset=0.0pt
* \mag=1000
* \@twocolumnfalse
* \@twosidefalse
* \@mparswitchfalse
* \@reversemarginfalse
* (1in=72.27pt=25.4mm, 1cm=28.453pt)

(/usr/share/texlive/texmf-dist/tex/context/base/mkii/supp-pdf.mkii
[Loading MPS to PDF converter (version 2006.09.02).]
\scratchcounter=\count383
\scratchdimen=\dimen337
\scratchbox=\box97
\nofMPsegments=\count384
\nofMParguments=\count385
\everyMPshowfont=\toks57
\MPscratchCnt=\count386
\MPscratchDim=\dimen338
\MPnumerator=\count387
\makeMPintoPDFobject=\count388
\everyMPtoPDFconversion=\toks58
) (/usr/share/texlive/texmf-dist/tex/latex/epstopdf-pkg/epstopdf-base.sty
Package: epstopdf-base 2020-01-24 v2.11 Base part for package epstopdf
Package epstopdf-base Info: Redefining graphics rule for `.eps' on input line 4
85.

(/usr/share/texlive/texmf-dist/tex/latex/latexconfig/epstopdf-sys.cfg
File: epstopdf-sys.cfg 2010/07/13 v1.3 Configuration of (r)epstopdf for TeX Liv
e
))
Package hyperref Info: Link coloring ON on input line 93.

(/usr/share/texlive/texmf-dist/tex/latex/hyperref/nameref.sty
Package: nameref 2021-04-02 v2.47 Cross-referencing by name of section

(/usr/share/texlive/texmf-dist/tex/latex/refcount/refcount.sty
Package: refcount 2019/12/15 v3.6 Data extraction from label references (HO)
)
(/usr/share/texlive/texmf-dist/tex/generic/gettitlestring/gettitlestring.sty
Package: gettitlestring 2019/12/15 v1.6 Cleanup title references (HO)
)
\c@section@level=\count389
)
LaTeX Info: Redefining \ref on input line 93.
LaTeX Info: Redefining \pageref on input line 93.
LaTeX Info: Redefining \nameref on input line 93.

(./seminar-mujoco-dcvu.out) (./seminar-mujoco-dcvu.out)
\@outlinefile=\write7
\openout7 = `seminar-mujoco-dcvu.out'.


(/usr/share/texlive/texmf-dist/tex/latex/translator/translator-basic-dictionary
-English.dict
Dictionary: translator-basic-dictionary, Language: English 
)
(/usr/share/texlive/texmf-dist/tex/latex/translator/translator-bibliography-dic
tionary-English.dict
Dictionary: translator-bibliography-dictionary, Language: English 
)
(/usr/share/texlive/texmf-dist/tex/latex/translator/translator-environment-dict
ionary-English.dict
Dictionary: translator-environment-dictionary, Language: English 
)
(/usr/share/texlive/texmf-dist/tex/latex/translator/translator-months-dictionar
y-English.dict
Dictionary: translator-months-dictionary, Language: English 
)
(/usr/share/texlive/texmf-dist/tex/latex/translator/translator-numbers-dictiona
ry-English.dict
Dictionary: translator-numbers-dictionary, Language: English 
)
(/usr/share/texlive/texmf-dist/tex/latex/translator/translator-theorem-dictiona
ry-English.dict
Dictionary: translator-theorem-dictionary, Language: English 
)
Package caption Info: Begin \AtBeginDocument code.
Package caption Info: float package is loaded.
Package caption Info: End \AtBeginDocument code.
 (./seminar-mujoco-dcvu.nav)
<logo.png, id=45, 322.20375pt x 236.885pt>
File: logo.png Graphic file (type png)
<use logo.png>
Package pdftex.def Info: logo.png  used on input line 93.
(pdftex.def)             Requested size: 30.95874pt x 22.76228pt.

Overfull \hbox (2.71387pt too wide) has occurred while \output is active
 []\OT1/cmss/m/n/5 Configuration  
 []

File: logo.png Graphic file (type png)
<use logo.png>
Package pdftex.def Info: logo.png  used on input line 96.
(pdftex.def)             Requested size: 30.95874pt x 22.76228pt.
[1{/var/lib/texmf/fonts/map/pdftex/updmap/pdftex.map}

 <./logo.png>]
Overfull \hbox (2.71387pt too wide) has occurred while \output is active
 []\OT1/cmss/m/n/5 Configuration  
 []

File: logo.png Graphic file (type png)
<use logo.png>
Package pdftex.def Info: logo.png  used on input line 122.
(pdftex.def)             Requested size: 30.95874pt x 22.76228pt.
File: logo.png Graphic file (type png)
<use logo.png>
Package pdftex.def Info: logo.png  used on input line 122.
(pdftex.def)             Requested size: 182.09767pt x 133.88364pt.
[2

] (./seminar-mujoco-dcvu.toc)
Overfull \hbox (2.71387pt too wide) has occurred while \output is active
 []\OT1/cmss/m/n/5 Configuration  
 []

File: logo.png Graphic file (type png)
<use logo.png>
Package pdftex.def Info: logo.png  used on input line 132.
(pdftex.def)             Requested size: 30.95874pt x 22.76228pt.
File: logo.png Graphic file (type png)
<use logo.png>
Package pdftex.def Info: logo.png  used on input line 132.
(pdftex.def)             Requested size: 182.09767pt x 133.88364pt.
[3

]
Overfull \hbox (2.71387pt too wide) has occurred while \output is active
 []\OT1/cmss/m/n/5 Configuration  
 []

File: logo.png Graphic file (type png)
<use logo.png>
Package pdftex.def Info: logo.png  used on input line 140.
(pdftex.def)             Requested size: 30.95874pt x 22.76228pt.
File: logo.png Graphic file (type png)
<use logo.png>
Package pdftex.def Info: logo.png  used on input line 140.
(pdftex.def)             Requested size: 182.09767pt x 133.88364pt.
[4

] (./seminar-mujoco-dcvu.toc)
Overfull \hbox (2.71387pt too wide) has occurred while \output is active
 []\OT1/cmss/m/n/5 Configuration  
 []

File: logo.png Graphic file (type png)
<use logo.png>
Package pdftex.def Info: logo.png  used on input line 146.
(pdftex.def)             Requested size: 30.95874pt x 22.76228pt.
File: logo.png Graphic file (type png)
<use logo.png>
Package pdftex.def Info: logo.png  used on input line 146.
(pdftex.def)             Requested size: 182.09767pt x 133.88364pt.
[5

]
LaTeX Font Info:    Trying to load font information for U+msa on input line 162
.
 (/usr/share/texlive/texmf-dist/tex/latex/amsfonts/umsa.fd
File: umsa.fd 2013/01/14 v3.01 AMS symbols A
)
LaTeX Font Info:    Trying to load font information for U+msb on input line 162
.

(/usr/share/texlive/texmf-dist/tex/latex/amsfonts/umsb.fd
File: umsb.fd 2013/01/14 v3.01 AMS symbols B
)
<images/paper-mujoco.png, id=253, 1099.10625pt x 290.58563pt>
File: images/paper-mujoco.png Graphic file (type png)
<use images/paper-mujoco.png>
Package pdftex.def Info: images/paper-mujoco.png  used on input line 162.
(pdftex.def)             Requested size: 151.6213pt x 40.08311pt.
<images/github-mujoco.png, id=255, 1413.02907pt x 568.37344pt>
File: images/github-mujoco.png Graphic file (type png)
<use images/github-mujoco.png>
Package pdftex.def Info: images/github-mujoco.png  used on input line 162.
(pdftex.def)             Requested size: 212.2689pt x 85.38242pt.

Overfull \hbox (2.71387pt too wide) has occurred while \output is active
 []\OT1/cmss/m/n/5 Configuration  
 []

File: logo.png Graphic file (type png)
<use logo.png>
Package pdftex.def Info: logo.png  used on input line 162.
(pdftex.def)             Requested size: 30.95874pt x 22.76228pt.
File: logo.png Graphic file (type png)
<use logo.png>
Package pdftex.def Info: logo.png  used on input line 162.
(pdftex.def)             Requested size: 182.09767pt x 133.88364pt.
[6

 <./images/paper-mujoco.png> <./images/github-mujoco.png>]
Overfull \hbox (2.71387pt too wide) has occurred while \output is active
 []\OT1/cmss/m/n/5 Configuration  
 []

File: logo.png Graphic file (type png)
<use logo.png>
Package pdftex.def Info: logo.png  used on input line 171.
(pdftex.def)             Requested size: 30.95874pt x 22.76228pt.
File: logo.png Graphic file (type png)
<use logo.png>
Package pdftex.def Info: logo.png  used on input line 171.
(pdftex.def)             Requested size: 182.09767pt x 133.88364pt.
[7

] (./tikz/compare.tex
<./images//gg-mujoco-2015.png, id=328, 849.1725pt x 307.1475pt>
File: ./images//gg-mujoco-2015.png Graphic file (type png)
<use ./images//gg-mujoco-2015.png>
Package pdftex.def Info: ./images//gg-mujoco-2015.png  used on input line 9.
(pdftex.def)             Requested size: 246.90158pt x 89.30014pt.
<./images//gg-isaac-2015.png, id=329, 849.1725pt x 307.1475pt>
File: ./images//gg-isaac-2015.png Graphic file (type png)
<use ./images//gg-isaac-2015.png>
Package pdftex.def Info: ./images//gg-isaac-2015.png  used on input line 11.
(pdftex.def)             Requested size: 246.90158pt x 89.30014pt.
<./images//gg-simscape-2015.png, id=330, 849.1725pt x 307.1475pt>
File: ./images//gg-simscape-2015.png Graphic file (type png)
<use ./images//gg-simscape-2015.png>
Package pdftex.def Info: ./images//gg-simscape-2015.png  used on input line 13.

(pdftex.def)             Requested size: 246.90158pt x 89.30014pt.
<./images//gg-isaac.png, id=331, 849.1725pt x 307.1475pt>
File: ./images//gg-isaac.png Graphic file (type png)
<use ./images//gg-isaac.png>
Package pdftex.def Info: ./images//gg-isaac.png  used on input line 15.
(pdftex.def)             Requested size: 246.90158pt x 89.30014pt.
<./images//gg-mujoco.png, id=332, 849.1725pt x 307.1475pt>
File: ./images//gg-mujoco.png Graphic file (type png)
<use ./images//gg-mujoco.png>
Package pdftex.def Info: ./images//gg-mujoco.png  used on input line 17.
(pdftex.def)             Requested size: 246.90158pt x 89.30014pt.
<./images//gg-simscape.png, id=333, 849.1725pt x 307.1475pt>
File: ./images//gg-simscape.png Graphic file (type png)
<use ./images//gg-simscape.png>
Package pdftex.def Info: ./images//gg-simscape.png  used on input line 19.
(pdftex.def)             Requested size: 246.90158pt x 89.30014pt.
)
Overfull \hbox (15.37254pt too wide) in paragraph at lines 183--183
[][]  
 []


Overfull \hbox (2.71387pt too wide) has occurred while \output is active
 []\OT1/cmss/m/n/5 Configuration  
 []

File: logo.png Graphic file (type png)
<use logo.png>
Package pdftex.def Info: logo.png  used on input line 183.
(pdftex.def)             Requested size: 30.95874pt x 22.76228pt.
File: logo.png Graphic file (type png)
<use logo.png>
Package pdftex.def Info: logo.png  used on input line 183.
(pdftex.def)             Requested size: 182.09767pt x 133.88364pt.
[8

 <./images//gg-mujoco-2015.png> <./images//gg-isaac-2015.png> <./images//gg-sim
scape-2015.png> <./images//gg-isaac.png> <./images//gg-mujoco.png> <./images//g
g-simscape.png>] (./tikz/mjc-resource.tex
<./images//mjc-ex1.png, id=375, 851.18pt x 928.46875pt>
File: ./images//mjc-ex1.png Graphic file (type png)
<use ./images//mjc-ex1.png>
Package pdftex.def Info: ./images//mjc-ex1.png  used on input line 9.
(pdftex.def)             Requested size: 120.82684pt x 131.79814pt.
<./images//mjc-ex2.png, id=376, 851.18pt x 928.46875pt>
File: ./images//mjc-ex2.png Graphic file (type png)
<use ./images//mjc-ex2.png>
Package pdftex.def Info: ./images//mjc-ex2.png  used on input line 11.
(pdftex.def)             Requested size: 120.82684pt x 131.79814pt.
<./images//mjc-ex3.png, id=377, 851.18pt x 928.46875pt>
File: ./images//mjc-ex3.png Graphic file (type png)
<use ./images//mjc-ex3.png>
Package pdftex.def Info: ./images//mjc-ex3.png  used on input line 13.
(pdftex.def)             Requested size: 120.82684pt x 131.79814pt.
<./images//mjc-ex4.png, id=378, 851.18pt x 928.46875pt>
File: ./images//mjc-ex4.png Graphic file (type png)
<use ./images//mjc-ex4.png>
Package pdftex.def Info: ./images//mjc-ex4.png  used on input line 15.
(pdftex.def)             Requested size: 120.82684pt x 131.79814pt.
<./images//mjc-ex5.png, id=379, 851.18pt x 928.46875pt>
File: ./images//mjc-ex5.png Graphic file (type png)
<use ./images//mjc-ex5.png>
Package pdftex.def Info: ./images//mjc-ex5.png  used on input line 17.
(pdftex.def)             Requested size: 120.82684pt x 131.79814pt.
<./images//mjc-ex6.png, id=380, 851.18pt x 928.46875pt>
File: ./images//mjc-ex6.png Graphic file (type png)
<use ./images//mjc-ex6.png>
Package pdftex.def Info: ./images//mjc-ex6.png  used on input line 19.
(pdftex.def)             Requested size: 120.82684pt x 131.79814pt.
)
Overfull \hbox (2.71387pt too wide) has occurred while \output is active
 []\OT1/cmss/m/n/5 Configuration  
 []

File: logo.png Graphic file (type png)
<use logo.png>
Package pdftex.def Info: logo.png  used on input line 189.
(pdftex.def)             Requested size: 30.95874pt x 22.76228pt.
File: logo.png Graphic file (type png)
<use logo.png>
Package pdftex.def Info: logo.png  used on input line 189.
(pdftex.def)             Requested size: 182.09767pt x 133.88364pt.
[9

 <./images//mjc-ex1.png> <./images//mjc-ex2.png> <./images//mjc-ex3.png> <./ima
ges//mjc-ex4.png> <./images//mjc-ex5.png> <./images//mjc-ex6.png>]
\openout4 = `seminar-mujoco-dcvu.vrb'.


(./seminar-mujoco-dcvu.vrb
\openout5 = `seminar-mujoco-dcvu.pyg'.

 (./_minted-seminar-mujoco-dcvu/default.pygstyle)
(./_minted-seminar-mujoco-dcvu/62EB0F48F022AA7CFFDC113B855D8801462FA7A3BBBC4C55
41579C805B735225.pygtex
LaTeX Font Info:    Font shape `OT1/cmtt/bx/n' in size <7> not available
(Font)              Font shape `OT1/cmtt/m/n' tried instead on input line 2.
))
Overfull \hbox (2.71387pt too wide) has occurred while \output is active
 []\OT1/cmss/m/n/5 Configuration  
 []

File: logo.png Graphic file (type png)
<use logo.png>
Package pdftex.def Info: logo.png  used on input line 214.
(pdftex.def)             Requested size: 30.95874pt x 22.76228pt.
File: logo.png Graphic file (type png)
<use logo.png>
Package pdftex.def Info: logo.png  used on input line 214.
(pdftex.def)             Requested size: 182.09767pt x 133.88364pt.
[10

]
<images/gg-colab.png, id=457, 646.66594pt x 438.8897pt>
File: images/gg-colab.png Graphic file (type png)
<use images/gg-colab.png>
Package pdftex.def Info: images/gg-colab.png  used on input line 225.
(pdftex.def)             Requested size: 212.2689pt x 144.0639pt.

Overfull \hbox (2.71387pt too wide) has occurred while \output is active
 []\OT1/cmss/m/n/5 Configuration  
 []

File: logo.png Graphic file (type png)
<use logo.png>
Package pdftex.def Info: logo.png  used on input line 225.
(pdftex.def)             Requested size: 30.95874pt x 22.76228pt.
File: logo.png Graphic file (type png)
<use logo.png>
Package pdftex.def Info: logo.png  used on input line 225.
(pdftex.def)             Requested size: 182.09767pt x 133.88364pt.
[11

 <./images/gg-colab.png>]
<images/gg-mjc-overview.png, id=494, 1112.65688pt x 679.78969pt>
File: images/gg-mjc-overview.png Graphic file (type png)
<use images/gg-mjc-overview.png>
Package pdftex.def Info: images/gg-mjc-overview.png  used on input line 235.
(pdftex.def)             Requested size: 242.59502pt x 148.21611pt.

Overfull \hbox (2.71387pt too wide) has occurred while \output is active
 []\OT1/cmss/m/n/5 Configuration  
 []

File: logo.png Graphic file (type png)
<use logo.png>
Package pdftex.def Info: logo.png  used on input line 235.
(pdftex.def)             Requested size: 30.95874pt x 22.76228pt.
File: logo.png Graphic file (type png)
<use logo.png>
Package pdftex.def Info: logo.png  used on input line 235.
(pdftex.def)             Requested size: 182.09767pt x 133.88364pt.
[12

 <./images/gg-mjc-overview.png>] (./seminar-mujoco-dcvu.toc)
Overfull \hbox (2.71387pt too wide) has occurred while \output is active
 []\OT1/cmss/m/n/5 Configuration  
 []

File: logo.png Graphic file (type png)
<use logo.png>
Package pdftex.def Info: logo.png  used on input line 242.
(pdftex.def)             Requested size: 30.95874pt x 22.76228pt.
File: logo.png Graphic file (type png)
<use logo.png>
Package pdftex.def Info: logo.png  used on input line 242.
(pdftex.def)             Requested size: 182.09767pt x 133.88364pt.
[13

]
Overfull \hbox (2.71387pt too wide) has occurred while \output is active
 []\OT1/cmss/m/n/5 Configuration  
 []

File: logo.png Graphic file (type png)
<use logo.png>
Package pdftex.def Info: logo.png  used on input line 254.
(pdftex.def)             Requested size: 30.95874pt x 22.76228pt.
File: logo.png Graphic file (type png)
<use logo.png>
Package pdftex.def Info: logo.png  used on input line 254.
(pdftex.def)             Requested size: 182.09767pt x 133.88364pt.
[14

]
\openout4 = `seminar-mujoco-dcvu.vrb'.

 (./seminar-mujoco-dcvu.vrb
\openout5 = `seminar-mujoco-dcvu.pyg'.


(./_minted-seminar-mujoco-dcvu/A4BE86E71F23C0F4F266E0CF2B4A362D462FA7A3BBBC4C55
41579C805B735225.pygtex))
Overfull \hbox (2.71387pt too wide) has occurred while \output is active
 []\OT1/cmss/m/n/5 Configuration  
 []

File: logo.png Graphic file (type png)
<use logo.png>
Package pdftex.def Info: logo.png  used on input line 264.
(pdftex.def)             Requested size: 30.95874pt x 22.76228pt.
File: logo.png Graphic file (type png)
<use logo.png>
Package pdftex.def Info: logo.png  used on input line 264.
(pdftex.def)             Requested size: 182.09767pt x 133.88364pt.
[15

] (./tikz/mujoco-approach.tex
<./images//vscode-xml.png, id=641, 910.90312pt x 646.66594pt>
File: ./images//vscode-xml.png Graphic file (type png)
<use ./images//vscode-xml.png>
Package pdftex.def Info: ./images//vscode-xml.png  used on input line 9.
(pdftex.def)             Requested size: 113.39003pt x 74.87318pt.
<./images//gg-xml.png, id=642, 192.72pt x 192.72pt>
File: ./images//gg-xml.png Graphic file (type png)
<use ./images//gg-xml.png>
Package pdftex.def Info: ./images//gg-xml.png  used on input line 11.
(pdftex.def)             Requested size: 18.90848pt x 17.58812pt.
<./images//real-stewart.png, id=643, 1457.445pt x 1935.23pt>
File: ./images//real-stewart.png Graphic file (type png)
<use ./images//real-stewart.png>
Package pdftex.def Info: ./images//real-stewart.png  used on input line 16.
(pdftex.def)             Requested size: 95.38217pt x 126.14871pt.
<./images//mujoco-stewart.png, id=644, 1918.16624pt x 1051.93pt>
File: ./images//mujoco-stewart.png Graphic file (type png)
<use ./images//mujoco-stewart.png>
Package pdftex.def Info: ./images//mujoco-stewart.png  used on input line 21.
(pdftex.def)             Requested size: 186.1497pt x 102.08524pt.
<./images//sw-stewart.jpg, id=645, 1922.18124pt x 1045.9075pt>
File: ./images//sw-stewart.jpg Graphic file (type jpg)
<use ./images//sw-stewart.jpg>
Package pdftex.def Info: ./images//sw-stewart.jpg  used on input line 30.
(pdftex.def)             Requested size: 138.1447pt x 75.16803pt.
)
Overfull \hbox (2.71387pt too wide) has occurred while \output is active
 []\OT1/cmss/m/n/5 Configuration  
 []

File: logo.png Graphic file (type png)
<use logo.png>
Package pdftex.def Info: logo.png  used on input line 273.
(pdftex.def)             Requested size: 30.95874pt x 22.76228pt.
File: logo.png Graphic file (type png)
<use logo.png>
Package pdftex.def Info: logo.png  used on input line 273.
(pdftex.def)             Requested size: 182.09767pt x 133.88364pt.
[16

 <./images//vscode-xml.png> <./images//gg-xml.png> <./images//real-stewart.png>
 <./images//mujoco-stewart.png> <./images//sw-stewart.jpg>]
(./seminar-mujoco-dcvu.toc)
Overfull \hbox (2.71387pt too wide) has occurred while \output is active
 []\OT1/cmss/m/n/5 Configuration  
 []

File: logo.png Graphic file (type png)
<use logo.png>
Package pdftex.def Info: logo.png  used on input line 279.
(pdftex.def)             Requested size: 30.95874pt x 22.76228pt.
File: logo.png Graphic file (type png)
<use logo.png>
Package pdftex.def Info: logo.png  used on input line 279.
(pdftex.def)             Requested size: 182.09767pt x 133.88364pt.
[17

]
<images/mjc-7dof.png, id=726, 1445.4pt x 813.0375pt>
File: images/mjc-7dof.png Graphic file (type png)
<use images/mjc-7dof.png>
Package pdftex.def Info: images/mjc-7dof.png  used on input line 291.
(pdftex.def)             Requested size: 272.9165pt x 153.51106pt.

Overfull \hbox (2.71387pt too wide) has occurred while \output is active
 []\OT1/cmss/m/n/5 Configuration  
 []

File: logo.png Graphic file (type png)
<use logo.png>
Package pdftex.def Info: logo.png  used on input line 291.
(pdftex.def)             Requested size: 30.95874pt x 22.76228pt.
File: logo.png Graphic file (type png)
<use logo.png>
Package pdftex.def Info: logo.png  used on input line 291.
(pdftex.def)             Requested size: 182.09767pt x 133.88364pt.
[18

 <./images/mjc-7dof.png>]
\openout4 = `seminar-mujoco-dcvu.vrb'.

 (./seminar-mujoco-dcvu.vrb
\openout5 = `seminar-mujoco-dcvu.pyg'.


(./_minted-seminar-mujoco-dcvu/248269007E5889C0D293E7CC684475ED462FA7A3BBBC4C55
41579C805B735225.pygtex))
Overfull \vbox (3.97491pt too high) detected at line 325
 []


Overfull \hbox (2.71387pt too wide) has occurred while \output is active
 []\OT1/cmss/m/n/5 Configuration  
 []

File: logo.png Graphic file (type png)
<use logo.png>
Package pdftex.def Info: logo.png  used on input line 325.
(pdftex.def)             Requested size: 30.95874pt x 22.76228pt.
File: logo.png Graphic file (type png)
<use logo.png>
Package pdftex.def Info: logo.png  used on input line 325.
(pdftex.def)             Requested size: 182.09767pt x 133.88364pt.
[19

]
\openout4 = `seminar-mujoco-dcvu.vrb'.

 (./seminar-mujoco-dcvu.vrb
\openout5 = `seminar-mujoco-dcvu.pyg'.


(./_minted-seminar-mujoco-dcvu/C5EC68C8D76DC07DD9980AB50E044896C959385264F7C4F8
A73854EF08AA8F7B.pygtex) (./tikz/7dof.tex
<./images//robot7dof.png, id=799, 656.4525pt x 605.26125pt>
File: ./images//robot7dof.png Graphic file (type png)
<use ./images//robot7dof.png>
Package pdftex.def Info: ./images//robot7dof.png  used on input line 10.
(pdftex.def)             Requested size: 158.99422pt x 146.59558pt.
)
Overfull \hbox (6.02074pt too wide) in paragraph at lines 17--18
 [] 
 []

)
Overfull \hbox (2.71387pt too wide) has occurred while \output is active
 []\OT1/cmss/m/n/5 Configuration  
 []

File: logo.png Graphic file (type png)
<use logo.png>
Package pdftex.def Info: logo.png  used on input line 347.
(pdftex.def)             Requested size: 30.95874pt x 22.76228pt.
File: logo.png Graphic file (type png)
<use logo.png>
Package pdftex.def Info: logo.png  used on input line 347.
(pdftex.def)             Requested size: 182.09767pt x 133.88364pt.
[20

 <./images//robot7dof.png>]
\openout4 = `seminar-mujoco-dcvu.vrb'.

 (./seminar-mujoco-dcvu.vrb
\openout5 = `seminar-mujoco-dcvu.pyg'.


(./_minted-seminar-mujoco-dcvu/FE9AA571B7C295CC9815D420B2DB54BAC959385264F7C4F8
A73854EF08AA8F7B.pygtex))
Overfull \hbox (2.71387pt too wide) has occurred while \output is active
 []\OT1/cmss/m/n/5 Configuration  
 []

File: logo.png Graphic file (type png)
<use logo.png>
Package pdftex.def Info: logo.png  used on input line 371.
(pdftex.def)             Requested size: 30.95874pt x 22.76228pt.
File: logo.png Graphic file (type png)
<use logo.png>
Package pdftex.def Info: logo.png  used on input line 371.
(pdftex.def)             Requested size: 182.09767pt x 133.88364pt.
[21

]
File: ./images//mujoco-stewart.png Graphic file (type png)
<use ./images//mujoco-stewart.png>
Package pdftex.def Info: ./images//mujoco-stewart.png  used on input line 385.
(pdftex.def)             Requested size: 272.9165pt x 149.66081pt.

Overfull \hbox (2.71387pt too wide) has occurred while \output is active
 []\OT1/cmss/m/n/5 Configuration  
 []

File: logo.png Graphic file (type png)
<use logo.png>
Package pdftex.def Info: logo.png  used on input line 385.
(pdftex.def)             Requested size: 30.95874pt x 22.76228pt.
File: logo.png Graphic file (type png)
<use logo.png>
Package pdftex.def Info: logo.png  used on input line 385.
(pdftex.def)             Requested size: 182.09767pt x 133.88364pt.
[22

]
\openout4 = `seminar-mujoco-dcvu.vrb'.

 (./seminar-mujoco-dcvu.vrb (./tikz/parallel-mechanisms.tex
<./images//simscape-close-loop.png, id=903, 665.48625pt x 470.75874pt>
File: ./images//simscape-close-loop.png Graphic file (type png)
<use ./images//simscape-close-loop.png>
Package pdftex.def Info: ./images//simscape-close-loop.png  used on input line 
22.
(pdftex.def)             Requested size: 218.27074pt x 154.40987pt.
<./images//simscape-ex-closedloop.png, id=904, 339.2675pt x 158.5925pt>
File: ./images//simscape-ex-closedloop.png Graphic file (type png)
<use ./images//simscape-ex-closedloop.png>
Package pdftex.def Info: ./images//simscape-ex-closedloop.png  used on input li
ne 24.
(pdftex.def)             Requested size: 85.24634pt x 39.84886pt.
)
\openout5 = `seminar-mujoco-dcvu.pyg'.


(./_minted-seminar-mujoco-dcvu/34FA0F4D13CFD0EACE43C3FF19FD2506C959385264F7C4F8
A73854EF08AA8F7B.pygtex))
Overfull \hbox (2.71387pt too wide) has occurred while \output is active
 []\OT1/cmss/m/n/5 Configuration  
 []

File: logo.png Graphic file (type png)
<use logo.png>
Package pdftex.def Info: logo.png  used on input line 404.
(pdftex.def)             Requested size: 30.95874pt x 22.76228pt.
File: logo.png Graphic file (type png)
<use logo.png>
Package pdftex.def Info: logo.png  used on input line 404.
(pdftex.def)             Requested size: 182.09767pt x 133.88364pt.
[23

 <./images//simscape-close-loop.png> <./images//simscape-ex-closedloop.png>]
\openout4 = `seminar-mujoco-dcvu.vrb'.

(./seminar-mujoco-dcvu.vrb
<images/vscode-fk-stewart.png, id=942, 922.19531pt x 597.73312pt>
File: images/vscode-fk-stewart.png Graphic file (type png)
<use images/vscode-fk-stewart.png>
Package pdftex.def Info: images/vscode-fk-stewart.png  used on input line 4.
(pdftex.def)             Requested size: 303.24263pt x 196.55025pt.
)
Overfull \vbox (5.88422pt too high) detected at line 414
 []


Overfull \hbox (2.71387pt too wide) has occurred while \output is active
 []\OT1/cmss/m/n/5 Configuration  
 []

File: logo.png Graphic file (type png)
<use logo.png>
Package pdftex.def Info: logo.png  used on input line 414.
(pdftex.def)             Requested size: 30.95874pt x 22.76228pt.
File: logo.png Graphic file (type png)
<use logo.png>
Package pdftex.def Info: logo.png  used on input line 414.
(pdftex.def)             Requested size: 182.09767pt x 133.88364pt.
[24

 <./images/vscode-fk-stewart.png>]
\openout4 = `seminar-mujoco-dcvu.vrb'.

 (./seminar-mujoco-dcvu.vrb
\openout5 = `seminar-mujoco-dcvu.pyg'.


(./_minted-seminar-mujoco-dcvu/64A5718DCB97D324672CBD1BF0A951BAC959385264F7C4F8
A73854EF08AA8F7B.pygtex))
Overfull \hbox (2.71387pt too wide) has occurred while \output is active
 []\OT1/cmss/m/n/5 Configuration  
 []

File: logo.png Graphic file (type png)
<use logo.png>
Package pdftex.def Info: logo.png  used on input line 439.
(pdftex.def)             Requested size: 30.95874pt x 22.76228pt.
File: logo.png Graphic file (type png)
<use logo.png>
Package pdftex.def Info: logo.png  used on input line 439.
(pdftex.def)             Requested size: 182.09767pt x 133.88364pt.
[25

]
\openout4 = `seminar-mujoco-dcvu.vrb'.

 (./seminar-mujoco-dcvu.vrb
\openout5 = `seminar-mujoco-dcvu.pyg'.


(./_minted-seminar-mujoco-dcvu/D30783B7949831C8E81F9C47CE33205AC959385264F7C4F8
A73854EF08AA8F7B.pygtex) (./tikz/joystick.tex
<./images//joystick.jpg, id=1014, 1935.23pt x 2569.6pt>
File: ./images//joystick.jpg Graphic file (type jpg)
<use ./images//joystick.jpg>
Package pdftex.def Info: ./images//joystick.jpg  used on input line 10.
(pdftex.def)             Requested size: 99.89726pt x 99.90424pt.
File: ./images//mujoco-stewart.png Graphic file (type png)
<use ./images//mujoco-stewart.png>
Package pdftex.def Info: ./images//mujoco-stewart.png  used on input line 12.
(pdftex.def)             Requested size: 193.49619pt x 106.11407pt.
))
Overfull \hbox (2.71387pt too wide) has occurred while \output is active
 []\OT1/cmss/m/n/5 Configuration  
 []

File: logo.png Graphic file (type png)
<use logo.png>
Package pdftex.def Info: logo.png  used on input line 460.
(pdftex.def)             Requested size: 30.95874pt x 22.76228pt.
File: logo.png Graphic file (type png)
<use logo.png>
Package pdftex.def Info: logo.png  used on input line 460.
(pdftex.def)             Requested size: 182.09767pt x 133.88364pt.
[26

 <./images//joystick.jpg>]
\openout4 = `seminar-mujoco-dcvu.vrb'.

 (./seminar-mujoco-dcvu.vrb
<images/real-joystick-ctrl.png, id=1050, 1431.09656pt x 813.0375pt>
File: images/real-joystick-ctrl.png Graphic file (type png)
<use images/real-joystick-ctrl.png>
Package pdftex.def Info: images/real-joystick-ctrl.png  used on input line 6.
(pdftex.def)             Requested size: 303.24263pt x 172.28125pt.
)
Overfull \hbox (2.71387pt too wide) has occurred while \output is active
 []\OT1/cmss/m/n/5 Configuration  
 []

File: logo.png Graphic file (type png)
<use logo.png>
Package pdftex.def Info: logo.png  used on input line 471.
(pdftex.def)             Requested size: 30.95874pt x 22.76228pt.
File: logo.png Graphic file (type png)
<use logo.png>
Package pdftex.def Info: logo.png  used on input line 471.
(pdftex.def)             Requested size: 182.09767pt x 133.88364pt.
[27

 <./images/real-joystick-ctrl.png (PNG copy)>]
\openout4 = `seminar-mujoco-dcvu.vrb'.

 (./seminar-mujoco-dcvu.vrb
<images/mjc-x2.png, id=1085, 3854.4pt x 2168.1pt>
File: images/mjc-x2.png Graphic file (type png)
<use images/mjc-x2.png>
Package pdftex.def Info: images/mjc-x2.png  used on input line 4.
(pdftex.def)             Requested size: 303.24263pt x 170.57336pt.
)
Overfull \hbox (2.71387pt too wide) has occurred while \output is active
 []\OT1/cmss/m/n/5 Configuration  
 []

File: logo.png Graphic file (type png)
<use logo.png>
Package pdftex.def Info: logo.png  used on input line 481.
(pdftex.def)             Requested size: 30.95874pt x 22.76228pt.
File: logo.png Graphic file (type png)
<use logo.png>
Package pdftex.def Info: logo.png  used on input line 481.
(pdftex.def)             Requested size: 182.09767pt x 133.88364pt.
[28

 <./images/mjc-x2.png (PNG copy)>]
\openout4 = `seminar-mujoco-dcvu.vrb'.

 (./seminar-mujoco-dcvu.vrb
\openout5 = `seminar-mujoco-dcvu.pyg'.


(./_minted-seminar-mujoco-dcvu/E3E0B6666D5E7324F6C55478FA8515E6C959385264F7C4F8
A73854EF08AA8F7B.pygtex))
Overfull \hbox (2.71387pt too wide) has occurred while \output is active
 []\OT1/cmss/m/n/5 Configuration  
 []

File: logo.png Graphic file (type png)
<use logo.png>
Package pdftex.def Info: logo.png  used on input line 502.
(pdftex.def)             Requested size: 30.95874pt x 22.76228pt.
File: logo.png Graphic file (type png)
<use logo.png>
Package pdftex.def Info: logo.png  used on input line 502.
(pdftex.def)             Requested size: 182.09767pt x 133.88364pt.
[29

]
\openout4 = `seminar-mujoco-dcvu.vrb'.

 (./seminar-mujoco-dcvu.vrb
<images/mjc-uav.png, id=1155, 1780.6525pt x 937.5025pt>
File: images/mjc-uav.png Graphic file (type png)
<use images/mjc-uav.png>
Package pdftex.def Info: images/mjc-uav.png  used on input line 6.
(pdftex.def)             Requested size: 303.24263pt x 159.64511pt.
)
Overfull \hbox (2.71387pt too wide) has occurred while \output is active
 []\OT1/cmss/m/n/5 Configuration  
 []

File: logo.png Graphic file (type png)
<use logo.png>
Package pdftex.def Info: logo.png  used on input line 512.
(pdftex.def)             Requested size: 30.95874pt x 22.76228pt.
File: logo.png Graphic file (type png)
<use logo.png>
Package pdftex.def Info: logo.png  used on input line 512.
(pdftex.def)             Requested size: 182.09767pt x 133.88364pt.
[30

 <./images/mjc-uav.png>]
\openout4 = `seminar-mujoco-dcvu.vrb'.

 (./seminar-mujoco-dcvu.vrb
<images/mjc-odin.png, id=1190, 1400.23125pt x 850.17625pt>
File: images/mjc-odin.png Graphic file (type png)
<use images/mjc-odin.png>
Package pdftex.def Info: images/mjc-odin.png  used on input line 5.
(pdftex.def)             Requested size: 151.6213pt x 92.05376pt.
)
Overfull \hbox (2.71387pt too wide) has occurred while \output is active
 []\OT1/cmss/m/n/5 Configuration  
 []

File: logo.png Graphic file (type png)
<use logo.png>
Package pdftex.def Info: logo.png  used on input line 530.
(pdftex.def)             Requested size: 30.95874pt x 22.76228pt.
File: logo.png Graphic file (type png)
<use logo.png>
Package pdftex.def Info: logo.png  used on input line 530.
(pdftex.def)             Requested size: 182.09767pt x 133.88364pt.
[31

 <./images/mjc-odin.png>]
\openout4 = `seminar-mujoco-dcvu.vrb'.

 (./seminar-mujoco-dcvu.vrb
\openout5 = `seminar-mujoco-dcvu.pyg'.


(./_minted-seminar-mujoco-dcvu/61A39CBD16E8B77CF01E3C88E2A39B4AFCA07FCC2C712FF0
983F0A71EF465BE1.pygtex)
\openout5 = `seminar-mujoco-dcvu.pyg'.


(./_minted-seminar-mujoco-dcvu/64332BB518CDF1CA846A410FAF1A4274FCA07FCC2C712FF0
983F0A71EF465BE1.pygtex))
Overfull \hbox (2.71387pt too wide) has occurred while \output is active
 []\OT1/cmss/m/n/5 Configuration  
 []

File: logo.png Graphic file (type png)
<use logo.png>
Package pdftex.def Info: logo.png  used on input line 561.
(pdftex.def)             Requested size: 30.95874pt x 22.76228pt.
File: logo.png Graphic file (type png)
<use logo.png>
Package pdftex.def Info: logo.png  used on input line 561.
(pdftex.def)             Requested size: 182.09767pt x 133.88364pt.
[32

]
\openout4 = `seminar-mujoco-dcvu.vrb'.

 (./seminar-mujoco-dcvu.vrb
\openout5 = `seminar-mujoco-dcvu.pyg'.


(./_minted-seminar-mujoco-dcvu/3A4D675DEAA10738B0AD22398BC6F6CCC959385264F7C4F8
A73854EF08AA8F7B.pygtex))
Overfull \hbox (2.71387pt too wide) has occurred while \output is active
 []\OT1/cmss/m/n/5 Configuration  
 []

File: logo.png Graphic file (type png)
<use logo.png>
Package pdftex.def Info: logo.png  used on input line 588.
(pdftex.def)             Requested size: 30.95874pt x 22.76228pt.
File: logo.png Graphic file (type png)
<use logo.png>
Package pdftex.def Info: logo.png  used on input line 588.
(pdftex.def)             Requested size: 182.09767pt x 133.88364pt.
[33

]
\openout4 = `seminar-mujoco-dcvu.vrb'.

 (./seminar-mujoco-dcvu.vrb
\openout5 = `seminar-mujoco-dcvu.pyg'.


(./_minted-seminar-mujoco-dcvu/A60221311C08EAD2D321ABA53667352DC959385264F7C4F8
A73854EF08AA8F7B.pygtex))
Overfull \hbox (2.71387pt too wide) has occurred while \output is active
 []\OT1/cmss/m/n/5 Configuration  
 []

File: logo.png Graphic file (type png)
<use logo.png>
Package pdftex.def Info: logo.png  used on input line 620.
(pdftex.def)             Requested size: 30.95874pt x 22.76228pt.
File: logo.png Graphic file (type png)
<use logo.png>
Package pdftex.def Info: logo.png  used on input line 620.
(pdftex.def)             Requested size: 182.09767pt x 133.88364pt.
[34

]
<images/mjc-odin1m.png, id=1330, 983.675pt x 395.4775pt>
File: images/mjc-odin1m.png Graphic file (type png)
<use images/mjc-odin1m.png>
Package pdftex.def Info: images/mjc-odin1m.png  used on input line 628.
(pdftex.def)             Requested size: 272.9165pt x 109.72517pt.
<images/mjc-odin3.png, id=1331, 1104.125pt x 339.2675pt>
File: images/mjc-odin3.png Graphic file (type png)
<use images/mjc-odin3.png>
Package pdftex.def Info: images/mjc-odin3.png  used on input line 628.
(pdftex.def)             Requested size: 272.9165pt x 83.85895pt.

Overfull \hbox (2.71387pt too wide) has occurred while \output is active
 []\OT1/cmss/m/n/5 Configuration  
 []

File: logo.png Graphic file (type png)
<use logo.png>
Package pdftex.def Info: logo.png  used on input line 628.
(pdftex.def)             Requested size: 30.95874pt x 22.76228pt.
File: logo.png Graphic file (type png)
<use logo.png>
Package pdftex.def Info: logo.png  used on input line 628.
(pdftex.def)             Requested size: 182.09767pt x 133.88364pt.
[35

 <./images/mjc-odin1m.png> <./images/mjc-odin3.png>]
<images/mjc-odin2.png, id=1369, 909.3975pt x 523.9575pt>
File: images/mjc-odin2.png Graphic file (type png)
<use images/mjc-odin2.png>
Package pdftex.def Info: images/mjc-odin2.png  used on input line 635.
(pdftex.def)             Requested size: 272.9165pt x 157.24442pt.

Overfull \hbox (2.71387pt too wide) has occurred while \output is active
 []\OT1/cmss/m/n/5 Configuration  
 []

File: logo.png Graphic file (type png)
<use logo.png>
Package pdftex.def Info: logo.png  used on input line 635.
(pdftex.def)             Requested size: 30.95874pt x 22.76228pt.
File: logo.png Graphic file (type png)
<use logo.png>
Package pdftex.def Info: logo.png  used on input line 635.
(pdftex.def)             Requested size: 182.09767pt x 133.88364pt.
[36

 <./images/mjc-odin2.png>]
<images/mjc-odin4.png, id=1404, 896.34875pt x 639.38875pt>
File: images/mjc-odin4.png Graphic file (type png)
<use images/mjc-odin4.png>
Package pdftex.def Info: images/mjc-odin4.png  used on input line 642.
(pdftex.def)             Requested size: 272.9165pt x 194.67668pt.

Overfull \hbox (2.71387pt too wide) has occurred while \output is active
 []\OT1/cmss/m/n/5 Configuration  
 []

File: logo.png Graphic file (type png)
<use logo.png>
Package pdftex.def Info: logo.png  used on input line 642.
(pdftex.def)             Requested size: 30.95874pt x 22.76228pt.
File: logo.png Graphic file (type png)
<use logo.png>
Package pdftex.def Info: logo.png  used on input line 642.
(pdftex.def)             Requested size: 182.09767pt x 133.88364pt.
[37

 <./images/mjc-odin4.png>] (./seminar-mujoco-dcvu.toc)
Overfull \hbox (2.71387pt too wide) has occurred while \output is active
 []\OT1/cmss/m/n/5 Configuration  
 []

File: logo.png Graphic file (type png)
<use logo.png>
Package pdftex.def Info: logo.png  used on input line 647.
(pdftex.def)             Requested size: 30.95874pt x 22.76228pt.
File: logo.png Graphic file (type png)
<use logo.png>
Package pdftex.def Info: logo.png  used on input line 647.
(pdftex.def)             Requested size: 182.09767pt x 133.88364pt.
[38

]
Overfull \hbox (2.71387pt too wide) has occurred while \output is active
 []\OT1/cmss/m/n/5 Configuration  
 []

File: logo.png Graphic file (type png)
<use logo.png>
Package pdftex.def Info: logo.png  used on input line 663.
(pdftex.def)             Requested size: 30.95874pt x 22.76228pt.
File: logo.png Graphic file (type png)
<use logo.png>
Package pdftex.def Info: logo.png  used on input line 663.
(pdftex.def)             Requested size: 182.09767pt x 133.88364pt.
[39

]
\tf@nav=\write8
\openout8 = `seminar-mujoco-dcvu.nav'.

\tf@toc=\write9
\openout9 = `seminar-mujoco-dcvu.toc'.

\tf@snm=\write10
\openout10 = `seminar-mujoco-dcvu.snm'.

 (./seminar-mujoco-dcvu.aux)
Package rerunfilecheck Info: File `seminar-mujoco-dcvu.out' has not changed.
(rerunfilecheck)             Checksum: 769B7011B6C4DD2971FC790DE7DCCA48;1215.
runsystem(rm seminar-mujoco-dcvu.pyg)...executed.

 ) 
Here is how much of TeX's memory you used:
 31961 strings out of 479654
 654237 string characters out of 5883417
 931937 words of memory out of 5000000
 49191 multiletter control sequences out of 15000+600000
 477822 words of font info for 61 fonts, out of 8000000 for 9000
 309 hyphenation exceptions out of 8191
 99i,20n,104p,606b,913s stack positions out of 5000i,500n,10000p,200000b,80000s
</usr/share/texlive/texmf-dist/fonts/type1/public/amsfonts/cm/cmitt10.pfb></u
sr/share/texlive/texmf-dist/fonts/type1/public/amsfonts/cm/cmr5.pfb></usr/share
/texlive/texmf-dist/fonts/type1/public/amsfonts/cm/cmss10.pfb></usr/share/texli
ve/texmf-dist/fonts/type1/public/amsfonts/cm/cmss12.pfb></usr/share/texlive/tex
mf-dist/fonts/type1/public/amsfonts/cm/cmss17.pfb></usr/share/texlive/texmf-dis
t/fonts/type1/public/amsfonts/cm/cmss8.pfb></usr/share/texlive/texmf-dist/fonts
/type1/public/amsfonts/cm/cmssbx10.pfb></usr/share/texlive/texmf-dist/fonts/typ
e1/public/amsfonts/cm/cmssi8.pfb></usr/share/texlive/texmf-dist/fonts/type1/pub
lic/amsfonts/cm/cmsy8.pfb></usr/share/texlive/texmf-dist/fonts/type1/public/ams
fonts/cm/cmtt8.pfb>
Output written on seminar-mujoco-dcvu.pdf (39 pages, 12838476 bytes).
PDF statistics:
 1583 PDF objects out of 1728 (max. 8388607)
 1434 compressed objects within 15 object streams
 87 named destinations out of 1000 (max. 500000)
 287 words of extra memory for PDF output out of 10000 (max. 10000000)

